Using pre-set license
Built from '2022.3/staging' branch; Version is '2022.3.14f1 (eff2de9070d8) revision 15725278'; Using compiler version '192829333'; Build Type 'Release'
OS: 'Windows 10  (10.0.18363) 64bit Professional' Language: 'en' Physical Memory: 16249 MB
BatchMode: 1, IsHumanControllingUs: 0, StartBugReporterOnCrash: 0, Is64bit: 1, IsPro: 1

COMMAND LINE ARGUMENTS:
C:\Program Files\Unity\Hub\Editor\2022.3.14f1\Editor\Unity.exe
-adb2
-batchMode
-noUpm
-name
AssetImportWorker0
-projectPath
C:/Users/May1/Desktop/3D_RPG_Game
-logFile
Logs/AssetImportWorker0.log
-srvPort
50605
Successfully changed project path to: C:/Users/May1/Desktop/3D_RPG_Game
C:/Users/May1/Desktop/3D_RPG_Game
[UnityMemory] Configuration Parameters - Can be set up in boot.config
    "memorysetup-bucket-allocator-granularity=16"
    "memorysetup-bucket-allocator-bucket-count=8"
    "memorysetup-bucket-allocator-block-size=33554432"
    "memorysetup-bucket-allocator-block-count=8"
    "memorysetup-main-allocator-block-size=16777216"
    "memorysetup-thread-allocator-block-size=16777216"
    "memorysetup-gfx-main-allocator-block-size=16777216"
    "memorysetup-gfx-thread-allocator-block-size=16777216"
    "memorysetup-cache-allocator-block-size=4194304"
    "memorysetup-typetree-allocator-block-size=2097152"
    "memorysetup-profiler-bucket-allocator-granularity=16"
    "memorysetup-profiler-bucket-allocator-bucket-count=8"
    "memorysetup-profiler-bucket-allocator-block-size=33554432"
    "memorysetup-profiler-bucket-allocator-block-count=8"
    "memorysetup-profiler-allocator-block-size=16777216"
    "memorysetup-profiler-editor-allocator-block-size=1048576"
    "memorysetup-temp-allocator-size-main=16777216"
    "memorysetup-job-temp-allocator-block-size=2097152"
    "memorysetup-job-temp-allocator-block-size-background=1048576"
    "memorysetup-job-temp-allocator-reduction-small-platforms=262144"
    "memorysetup-allocator-temp-initial-block-size-main=262144"
    "memorysetup-allocator-temp-initial-block-size-worker=262144"
    "memorysetup-temp-allocator-size-background-worker=32768"
    "memorysetup-temp-allocator-size-job-worker=262144"
    "memorysetup-temp-allocator-size-preload-manager=33554432"
    "memorysetup-temp-allocator-size-nav-mesh-worker=65536"
    "memorysetup-temp-allocator-size-audio-worker=65536"
    "memorysetup-temp-allocator-size-cloud-worker=32768"
    "memorysetup-temp-allocator-size-gi-baking-worker=262144"
    "memorysetup-temp-allocator-size-gfx=262144"
Player connection [14068] Host "[IP] 192.168.1.38 [Port] 0 [Flags] 2 [Guid] 3957757706 [EditorId] 3957757706 [Version] 1048832 [Id] WindowsEditor(7,MAY05) [Debug] 1 [PackageName] WindowsEditor [ProjectName] Editor" joined multi-casting on [225.0.0.222:54997]...

Player connection [14068] Host "[IP] 192.168.1.38 [Port] 0 [Flags] 2 [Guid] 3957757706 [EditorId] 3957757706 [Version] 1048832 [Id] WindowsEditor(7,MAY05) [Debug] 1 [PackageName] WindowsEditor [ProjectName] Editor" joined alternative multi-casting on [225.0.0.222:34997]...

[Physics::Module] Initialized MultithreadedJobDispatcher with 11 workers.
Refreshing native plugins compatible for Editor in 4.96 ms, found 3 plugins.
Preloading 0 native plugins for Editor in 0.00 ms.
Initialize engine version: 2022.3.14f1 (eff2de9070d8)
[Subsystems] Discovering subsystems at path C:/Program Files/Unity/Hub/Editor/2022.3.14f1/Editor/Data/Resources/UnitySubsystems
[Subsystems] Discovering subsystems at path C:/Users/May1/Desktop/3D_RPG_Game/Assets
GfxDevice: creating device client; threaded=0; jobified=0
Direct3D:
    Version:  Direct3D 11.0 [level 11.0]
    Renderer: NVIDIA Quadro K2000 (ID=0xffe)
    Vendor:   NVIDIA
    VRAM:     2007 MB
    Driver:   30.0.14.7444
Initialize mono
Mono path[0] = 'C:/Program Files/Unity/Hub/Editor/2022.3.14f1/Editor/Data/Managed'
Mono path[1] = 'C:/Program Files/Unity/Hub/Editor/2022.3.14f1/Editor/Data/MonoBleedingEdge/lib/mono/unityjit-win32'
Mono config path = 'C:/Program Files/Unity/Hub/Editor/2022.3.14f1/Editor/Data/MonoBleedingEdge/etc'
Using monoOptions --debugger-agent=transport=dt_socket,embedding=1,server=y,suspend=n,address=127.0.0.1:56416
Begin MonoManager ReloadAssembly
Registering precompiled unity dll's ...
Register platform support module: C:/Program Files/Unity/Hub/Editor/2022.3.14f1/Editor/Data/PlaybackEngines/AndroidPlayer/UnityEditor.Android.Extensions.dll
Register platform support module: C:/Program Files/Unity/Hub/Editor/2022.3.14f1/Editor/Data/PlaybackEngines/WindowsStandaloneSupport/UnityEditor.WindowsStandalone.Extensions.dll
Registered in 0.004773 seconds.
- Loaded All Assemblies, in  0.339 seconds
Native extension for WindowsStandalone target not found
Native extension for Android target not found
Android Extension - Scanning For ADB Devices 187 ms
Mono: successfully reloaded assembly
- Finished resetting the current domain, in  0.506 seconds
Domain Reload Profiling: 844ms
	BeginReloadAssembly (101ms)
		ExecutionOrderSort (0ms)
		DisableScriptedObjects (0ms)
		BackupInstance (0ms)
		ReleaseScriptingObjects (0ms)
		CreateAndSetChildDomain (1ms)
	RebuildCommonClasses (33ms)
	RebuildNativeTypeToScriptingClass (11ms)
	initialDomainReloadingComplete (50ms)
	LoadAllAssembliesAndSetupDomain (143ms)
		LoadAssemblies (100ms)
		RebuildTransferFunctionScriptingTraits (0ms)
		AnalyzeDomain (141ms)
			TypeCache.Refresh (139ms)
				TypeCache.ScanAssembly (126ms)
			ScanForSourceGeneratedMonoScriptInfo (0ms)
			ResolveRequiredComponents (0ms)
	FinalizeReload (506ms)
		ReleaseScriptCaches (0ms)
		RebuildScriptCaches (0ms)
		SetupLoadedEditorAssemblies (448ms)
			LogAssemblyErrors (0ms)
			InitializePlatformSupportModulesInManaged (287ms)
			SetLoadedEditorAssemblies (4ms)
			RefreshPlugins (0ms)
			BeforeProcessingInitializeOnLoad (2ms)
			ProcessInitializeOnLoadAttributes (109ms)
			ProcessInitializeOnLoadMethodAttributes (45ms)
			AfterProcessingInitializeOnLoad (0ms)
			EditorAssembliesLoaded (0ms)
		ExecutionOrderSort2 (0ms)
		AwakeInstancesAfterBackupRestoration (0ms)
========================================================================
Worker process is ready to serve import requests
Begin MonoManager ReloadAssembly
- Loaded All Assemblies, in  0.583 seconds
Refreshing native plugins compatible for Editor in 2.08 ms, found 3 plugins.
Native extension for WindowsStandalone target not found
Native extension for Android target not found
Package Manager log level set to [2]
[Package Manager] Server::EnsureServerProcessIsRunning -- launch failed, reason: Unity was launched with the -noUpm command-line argument
[Package Manager] UpmClient::Send -- Unable to send message (not connected to UPM process).
[Package Manager] Cannot connect to Unity Package Manager local server
Mono: successfully reloaded assembly
- Finished resetting the current domain, in  0.556 seconds
Domain Reload Profiling: 1138ms
	BeginReloadAssembly (138ms)
		ExecutionOrderSort (0ms)
		DisableScriptedObjects (5ms)
		BackupInstance (0ms)
		ReleaseScriptingObjects (0ms)
		CreateAndSetChildDomain (22ms)
	RebuildCommonClasses (32ms)
	RebuildNativeTypeToScriptingClass (11ms)
	initialDomainReloadingComplete (38ms)
	LoadAllAssembliesAndSetupDomain (363ms)
		LoadAssemblies (258ms)
		RebuildTransferFunctionScriptingTraits (0ms)
		AnalyzeDomain (183ms)
			TypeCache.Refresh (161ms)
				TypeCache.ScanAssembly (145ms)
			ScanForSourceGeneratedMonoScriptInfo (14ms)
			ResolveRequiredComponents (6ms)
	FinalizeReload (556ms)
		ReleaseScriptCaches (0ms)
		RebuildScriptCaches (0ms)
		SetupLoadedEditorAssemblies (399ms)
			LogAssemblyErrors (0ms)
			InitializePlatformSupportModulesInManaged (23ms)
			SetLoadedEditorAssemblies (4ms)
			RefreshPlugins (0ms)
			BeforeProcessingInitializeOnLoad (54ms)
			ProcessInitializeOnLoadAttributes (292ms)
			ProcessInitializeOnLoadMethodAttributes (21ms)
			AfterProcessingInitializeOnLoad (4ms)
			EditorAssembliesLoaded (0ms)
		ExecutionOrderSort2 (0ms)
		AwakeInstancesAfterBackupRestoration (6ms)
Launched and connected shader compiler UnityShaderCompiler.exe after 0.03 seconds
Refreshing native plugins compatible for Editor in 3.05 ms, found 3 plugins.
Preloading 0 native plugins for Editor in 0.00 ms.
Unloading 3215 Unused Serialized files (Serialized files now loaded: 0)
Unloading 34 unused Assets / (400.5 KB). Loaded Objects now: 3708.
Memory consumption went from 146.1 MB to 145.7 MB.
Total: 4.550500 ms (FindLiveObjects: 0.369100 ms CreateObjectMapping: 0.276700 ms MarkObjects: 3.565200 ms  DeleteObjects: 0.337300 ms)

AssetImportParameters requested are different than current active one (requested -> active):
  custom:container-demuxer-ogg: 62fdf1f143b41e24485cea50d1cbac27 -> 
  custom:video-decoder-ogg-theora: a1e56fd34408186e4bbccfd4996cb3dc -> 
  custom:framework-win-MediaFoundation: 216162199b28c13a410421893ffa2e32 -> 
  custom:CustomObjectIndexerAttribute: 756ad292c208cfabdd7b50bc23989ffe -> 
  custom:container-demuxer-webm: 4f35f7cbe854078d1ac9338744f61a02 -> 
  custom:container-muxer-webm: aa71ff27fc2769a1b78a27578f13a17b -> 
  custom:video-decoder-webm-vp8: 9c59270c3fd7afecdb556c50c9e8de78 -> 
  custom:SearchIndexIgnoredProperties: e643bd26f0fe6173181afceb89e7c659 -> 
  custom:AudioImporter_EditorPlatform: d09bf68614088b80899f8185d706f6e7 -> 
  custom:video-encoder-webm-vp8: eb34c28f22e8b96e1ab97ce403110664 -> 
  custom:audio-decoder-ogg-vorbis: bf7c407c2cedff20999df2af8eb42d56 -> 
  custom:audio-encoder-webm-vorbis: bf7c407c2cedff20999df2af8eb42d56 -> 
========================================================================
Received Import Request.
  Time since last request: 1718.704211 seconds.
  path: Assets/Editor/CustomEventEditor.cs
  artifactKey: Guid(946321b22e8cdf34f976a009d1e4c671) Importer(815301076,1909f56bfc062723c751e8b465ee728b)
Start importing Assets/Editor/CustomEventEditor.cs using Guid(946321b22e8cdf34f976a009d1e4c671) Importer(815301076,1909f56bfc062723c751e8b465ee728b)  -> (artifact id: '4c5e346555ecaf37b1b40f18fe74044c') in 0.002285 seconds
Number of updated asset objects reloaded before import = 0
Number of asset objects unloaded after import = 0
========================================================================
Received Import Request.
  Time since last request: 11.136490 seconds.
  path: Assets/Scene/Title.unity
  artifactKey: Guid(26f1d81c8d9580048bf0def1a3cfb1cb) Importer(815301076,1909f56bfc062723c751e8b465ee728b)
Start importing Assets/Scene/Title.unity using Guid(26f1d81c8d9580048bf0def1a3cfb1cb) Importer(815301076,1909f56bfc062723c751e8b465ee728b)  -> (artifact id: 'd2642e971b09b2e4df6cf75dd2b99968') in 0.000389 seconds
Number of updated asset objects reloaded before import = 0
Number of asset objects unloaded after import = 0
========================================================================
Received Import Request.
  Time since last request: 45.451137 seconds.
  path: Assets/Prefabs/Player
  artifactKey: Guid(9ac250dd47846704283b4d2e8c201129) Importer(815301076,1909f56bfc062723c751e8b465ee728b)
Start importing Assets/Prefabs/Player using Guid(9ac250dd47846704283b4d2e8c201129) Importer(815301076,1909f56bfc062723c751e8b465ee728b)  -> (artifact id: '4b276f6af8d57e68163ddfc8382fd773') in 0.000402 seconds
Number of updated asset objects reloaded before import = 0
Number of asset objects unloaded after import = 0
========================================================================
Received Import Request.
  Time since last request: 0.090254 seconds.
  path: Assets/Prefabs/Player/ARPGCamera.prefab
  artifactKey: Guid(685be0844d44a5d4a93b29675b0d0eb4) Importer(815301076,1909f56bfc062723c751e8b465ee728b)
Start importing Assets/Prefabs/Player/ARPGCamera.prefab using Guid(685be0844d44a5d4a93b29675b0d0eb4) Importer(815301076,1909f56bfc062723c751e8b465ee728b)  -> (artifact id: '56fd2c3c3e8495a4a791719d5aa1f62f') in 0.022828 seconds
Number of updated asset objects reloaded before import = 0
Number of asset objects unloaded after import = 9
========================================================================
Received Import Request.
  Time since last request: 0.000079 seconds.
  path: Assets/Prefabs/Player/HeroineDeath.prefab
  artifactKey: Guid(630c9ae8f84e6b24bbed128f8bdc40c7) Importer(815301076,1909f56bfc062723c751e8b465ee728b)
Start importing Assets/Prefabs/Player/HeroineDeath.prefab using Guid(630c9ae8f84e6b24bbed128f8bdc40c7) Importer(815301076,1909f56bfc062723c751e8b465ee728b)  -> (artifact id: 'a11001db1a4c78145c6d3bfaae35591a') in 0.315532 seconds
Number of updated asset objects reloaded before import = 0
Number of asset objects unloaded after import = 3566
========================================================================
Received Import Request.
  Time since last request: 0.000024 seconds.
  path: Assets/Prefabs/Player/PlayerSpawnPointC.prefab
  artifactKey: Guid(aab1a212473856840ab63b551f2ac5f3) Importer(815301076,1909f56bfc062723c751e8b465ee728b)
Start importing Assets/Prefabs/Player/PlayerSpawnPointC.prefab using Guid(aab1a212473856840ab63b551f2ac5f3) Importer(815301076,1909f56bfc062723c751e8b465ee728b)  -> (artifact id: '72cd0fbf837c8fe7ddc41176096c647e') in 0.198636 seconds
Number of updated asset objects reloaded before import = 0
Number of asset objects unloaded after import = 3573
========================================================================
Received Import Request.
  Time since last request: 0.000028 seconds.
  path: Assets/Prefabs/Player/Ranger.prefab
  artifactKey: Guid(f01b1f284103a404a8837083ed239912) Importer(815301076,1909f56bfc062723c751e8b465ee728b)
Start importing Assets/Prefabs/Player/Ranger.prefab using Guid(f01b1f284103a404a8837083ed239912) Importer(815301076,1909f56bfc062723c751e8b465ee728b)  -> (artifact id: 'a6952688229f11209dcd7e5d64afa6c3') in 0.203326 seconds
Number of updated asset objects reloaded before import = 0
Number of asset objects unloaded after import = 4159
========================================================================
Received Import Request.
  Time since last request: 41.710061 seconds.
  path: Assets/Prefabs/Player/CharSelect
  artifactKey: Guid(c0ef892271427724b9e308654b5370cb) Importer(815301076,1909f56bfc062723c751e8b465ee728b)
Start importing Assets/Prefabs/Player/CharSelect using Guid(c0ef892271427724b9e308654b5370cb) Importer(815301076,1909f56bfc062723c751e8b465ee728b)  -> (artifact id: '2e0c7bd4d3cb86731c7ba841805226f1') in 0.000790 seconds
Number of updated asset objects reloaded before import = 0
Number of asset objects unloaded after import = 0
========================================================================
Received Import Request.
  Time since last request: 0.017390 seconds.
  path: Assets/Prefabs/Player/CharSelect/KnightSelect.prefab
  artifactKey: Guid(d8504f58994d82545a5c50cc9af55251) Importer(815301076,1909f56bfc062723c751e8b465ee728b)
Start importing Assets/Prefabs/Player/CharSelect/KnightSelect.prefab using Guid(d8504f58994d82545a5c50cc9af55251) Importer(815301076,1909f56bfc062723c751e8b465ee728b)  -> (artifact id: 'b070cedaa5dc8c27daee06efccf1fdc4') in 0.012038 seconds
Number of updated asset objects reloaded before import = 0
Number of asset objects unloaded after import = 154
========================================================================
Received Import Request.
  Time since last request: 31.225516 seconds.
  path: Assets/Prefabs/Weapon/BattleBow.prefab
  artifactKey: Guid(bc77afd2c73eb52449c52b0dd7d66ca7) Importer(815301076,1909f56bfc062723c751e8b465ee728b)
Start importing Assets/Prefabs/Weapon/BattleBow.prefab using Guid(bc77afd2c73eb52449c52b0dd7d66ca7) Importer(815301076,1909f56bfc062723c751e8b465ee728b)  -> (artifact id: 'ad18eec5506e59fa59e09acec110bc84') in 0.006656 seconds
Number of updated asset objects reloaded before import = 0
Number of asset objects unloaded after import = 11
========================================================================
Received Import Request.
  Time since last request: 0.000013 seconds.
  path: Assets/Prefabs/Weapon/WingedStaff.prefab
  artifactKey: Guid(c1fbf693a12be0f4ca9056f0116c96ed) Importer(815301076,1909f56bfc062723c751e8b465ee728b)
Start importing Assets/Prefabs/Weapon/WingedStaff.prefab using Guid(c1fbf693a12be0f4ca9056f0116c96ed) Importer(815301076,1909f56bfc062723c751e8b465ee728b)  -> (artifact id: '7aa9c63b89eb4765b770ff861878e12f') in 0.006195 seconds
Number of updated asset objects reloaded before import = 0
Number of asset objects unloaded after import = 11
========================================================================
Received Import Request.
  Time since last request: 0.000017 seconds.
  path: Assets/Prefabs/Weapon/Fireblend.prefab
  artifactKey: Guid(aeb2612ad557dbc4fb6c9df38880d819) Importer(815301076,1909f56bfc062723c751e8b465ee728b)
Start importing Assets/Prefabs/Weapon/Fireblend.prefab using Guid(aeb2612ad557dbc4fb6c9df38880d819) Importer(815301076,1909f56bfc062723c751e8b465ee728b)  -> (artifact id: 'dafb58d3753f4077f60658971aa68645') in 0.029163 seconds
Number of updated asset objects reloaded before import = 0
Number of asset objects unloaded after import = 18
========================================================================
Received Import Request.
  Time since last request: 0.000020 seconds.
  path: Assets/Prefabs/Weapon/Falchion.prefab
  artifactKey: Guid(6d6ad06e933143d498814495ef5f8a49) Importer(815301076,1909f56bfc062723c751e8b465ee728b)
Start importing Assets/Prefabs/Weapon/Falchion.prefab using Guid(6d6ad06e933143d498814495ef5f8a49) Importer(815301076,1909f56bfc062723c751e8b465ee728b)  -> (artifact id: 'e6728a89f48c2040ffc63786fce6c74a') in 0.004764 seconds
Number of updated asset objects reloaded before import = 0
Number of asset objects unloaded after import = 12
========================================================================
Received Import Request.
  Time since last request: 5.030317 seconds.
  path: Assets/Prefabs/Skill/ArrowShower.prefab
  artifactKey: Guid(37de71a8ece8c8241b87fcd7d698f51a) Importer(815301076,1909f56bfc062723c751e8b465ee728b)
Start importing Assets/Prefabs/Skill/ArrowShower.prefab using Guid(37de71a8ece8c8241b87fcd7d698f51a) Importer(815301076,1909f56bfc062723c751e8b465ee728b)  -> (artifact id: '913ba7705126f37b19ecbb0de1816a43') in 0.015192 seconds
Number of updated asset objects reloaded before import = 0
Number of asset objects unloaded after import = 149
========================================================================
Received Import Request.
  Time since last request: 0.000015 seconds.
  path: Assets/Prefabs/Skill/IceBoltC.prefab
  artifactKey: Guid(c8aed108e0dc0bd45b259f15690ecc6d) Importer(815301076,1909f56bfc062723c751e8b465ee728b)
Start importing Assets/Prefabs/Skill/IceBoltC.prefab using Guid(c8aed108e0dc0bd45b259f15690ecc6d) Importer(815301076,1909f56bfc062723c751e8b465ee728b)  -> (artifact id: '5d9d43d8bf2166210f2d9b6e15ca0fe8') in 0.041156 seconds
Number of updated asset objects reloaded before import = 0
Number of asset objects unloaded after import = 36
========================================================================
Received Import Request.
  Time since last request: 0.000031 seconds.
  path: Assets/Prefabs/Skill/SummonWolfC.prefab
  artifactKey: Guid(870a84f339439d44cae058d7ecb608f9) Importer(815301076,1909f56bfc062723c751e8b465ee728b)
Start importing Assets/Prefabs/Skill/SummonWolfC.prefab using Guid(870a84f339439d44cae058d7ecb608f9) Importer(815301076,1909f56bfc062723c751e8b465ee728b)  -> (artifact id: '137c6f049cfe9a2e738422b757f62692') in 0.008046 seconds
Number of updated asset objects reloaded before import = 0
Number of asset objects unloaded after import = 292
========================================================================
Received Import Request.
  Time since last request: 0.000012 seconds.
  path: Assets/Prefabs/Skill/SummonCrowC.prefab
  artifactKey: Guid(96a64689e69b4374fb5ff1b223684c50) Importer(815301076,1909f56bfc062723c751e8b465ee728b)
Start importing Assets/Prefabs/Skill/SummonCrowC.prefab using Guid(96a64689e69b4374fb5ff1b223684c50) Importer(815301076,1909f56bfc062723c751e8b465ee728b)  -> (artifact id: '8b2557aff47ceebc4f122df6ae4456a6') in 0.007068 seconds
Number of updated asset objects reloaded before import = 0
Number of asset objects unloaded after import = 184
========================================================================
Received Import Request.
  Time since last request: 0.000011 seconds.
  path: Assets/Prefabs/Skill/CometC.prefab
  artifactKey: Guid(e5e1e14c8b8680e4ea84ec42404e22c5) Importer(815301076,1909f56bfc062723c751e8b465ee728b)
Start importing Assets/Prefabs/Skill/CometC.prefab using Guid(e5e1e14c8b8680e4ea84ec42404e22c5) Importer(815301076,1909f56bfc062723c751e8b465ee728b)  -> (artifact id: 'd017a8321ebe85d72c0768d56293c5d3') in 0.018788 seconds
Number of updated asset objects reloaded before import = 0
Number of asset objects unloaded after import = 84
========================================================================
Received Import Request.
  Time since last request: 0.000018 seconds.
  path: Assets/Prefabs/Skill/MeteorC.prefab
  artifactKey: Guid(2d0b92e0b256e9a4dba9dd136b91641a) Importer(815301076,1909f56bfc062723c751e8b465ee728b)
Start importing Assets/Prefabs/Skill/MeteorC.prefab using Guid(2d0b92e0b256e9a4dba9dd136b91641a) Importer(815301076,1909f56bfc062723c751e8b465ee728b)  -> (artifact id: 'aabec5db6f55bb6c107f46b91be93fc1') in 0.019238 seconds
Number of updated asset objects reloaded before import = 0
Number of asset objects unloaded after import = 124
========================================================================
Received Import Request.
  Time since last request: 0.000016 seconds.
  path: Assets/Prefabs/Skill/WebbedC.prefab
  artifactKey: Guid(f39d9d178b064fd4096b9522e8807c5d) Importer(815301076,1909f56bfc062723c751e8b465ee728b)
Start importing Assets/Prefabs/Skill/WebbedC.prefab using Guid(f39d9d178b064fd4096b9522e8807c5d) Importer(815301076,1909f56bfc062723c751e8b465ee728b)  -> (artifact id: '53017d921c6e29a43377c2b1c84b8276') in 0.096060 seconds
Number of updated asset objects reloaded before import = 0
Number of asset objects unloaded after import = 33
========================================================================
Received Import Request.
  Time since last request: 0.000014 seconds.
  path: Assets/Prefabs/Skill/Faith.prefab
  artifactKey: Guid(9c77aba8e4b0dbc4296b420b6818ce2a) Importer(815301076,1909f56bfc062723c751e8b465ee728b)
Start importing Assets/Prefabs/Skill/Faith.prefab using Guid(9c77aba8e4b0dbc4296b420b6818ce2a) Importer(815301076,1909f56bfc062723c751e8b465ee728b)  -> (artifact id: '9d0f5af1b0a9ffa256de7740dae78e77') in 0.002028 seconds
Number of updated asset objects reloaded before import = 0
Number of asset objects unloaded after import = 15
========================================================================
Received Import Request.
  Time since last request: 0.000018 seconds.
  path: Assets/Prefabs/Skill/Bash.prefab
  artifactKey: Guid(21a14e63b5c68244aa864cce7e584043) Importer(815301076,1909f56bfc062723c751e8b465ee728b)
Start importing Assets/Prefabs/Skill/Bash.prefab using Guid(21a14e63b5c68244aa864cce7e584043) Importer(815301076,1909f56bfc062723c751e8b465ee728b)  -> (artifact id: 'b5adc63dc60adf12d17adc5461148005') in 0.008450 seconds
Number of updated asset objects reloaded before import = 0
Number of asset objects unloaded after import = 42
========================================================================
Received Import Request.
  Time since last request: 0.000015 seconds.
  path: Assets/Prefabs/Skill/HookC.prefab
  artifactKey: Guid(90e4bec0e5ece5347bcf122fefba7c69) Importer(815301076,1909f56bfc062723c751e8b465ee728b)
Start importing Assets/Prefabs/Skill/HookC.prefab using Guid(90e4bec0e5ece5347bcf122fefba7c69) Importer(815301076,1909f56bfc062723c751e8b465ee728b)  -> (artifact id: '74d02ab1f2bf891de3e579af953052be') in 0.009039 seconds
Number of updated asset objects reloaded before import = 0
Number of asset objects unloaded after import = 47
========================================================================
Received Import Request.
  Time since last request: 0.000013 seconds.
  path: Assets/Prefabs/Skill/Turret.prefab
  artifactKey: Guid(20a40cfce4f03db4bb861794f086869c) Importer(815301076,1909f56bfc062723c751e8b465ee728b)
Start importing Assets/Prefabs/Skill/Turret.prefab using Guid(20a40cfce4f03db4bb861794f086869c) Importer(815301076,1909f56bfc062723c751e8b465ee728b)  -> (artifact id: '037527004a1ef4a82915c9f55f1fdd98') in 0.203140 seconds
Number of updated asset objects reloaded before import = 0
Number of asset objects unloaded after import = 100
========================================================================
Received Import Request.
  Time since last request: 0.000015 seconds.
  path: Assets/Prefabs/Skill/FlameShield.prefab
  artifactKey: Guid(c84b1c657cfefc34db3b420c64204e76) Importer(815301076,1909f56bfc062723c751e8b465ee728b)
Start importing Assets/Prefabs/Skill/FlameShield.prefab using Guid(c84b1c657cfefc34db3b420c64204e76) Importer(815301076,1909f56bfc062723c751e8b465ee728b)  -> (artifact id: 'c737f70c9109e4efa8053e2d8a2e693e') in 0.033831 seconds
Number of updated asset objects reloaded before import = 0
Number of asset objects unloaded after import = 73
========================================================================
Received Import Request.
  Time since last request: 0.000025 seconds.
  path: Assets/Prefabs/Skill/BladeWaveC.prefab
  artifactKey: Guid(9cd94ff4017b02748a9b8dd399d68d04) Importer(815301076,1909f56bfc062723c751e8b465ee728b)
Start importing Assets/Prefabs/Skill/BladeWaveC.prefab using Guid(9cd94ff4017b02748a9b8dd399d68d04) Importer(815301076,1909f56bfc062723c751e8b465ee728b)  -> (artifact id: 'd98ab7b9367719bcd7486146d5d16c53') in 0.020135 seconds
Number of updated asset objects reloaded before import = 0
Number of asset objects unloaded after import = 49
========================================================================
Received Import Request.
  Time since last request: 0.000013 seconds.
  path: Assets/Prefabs/Skill/Sword.prefab
  artifactKey: Guid(67fe852226ef96a4bbe68da833bf9b8e) Importer(815301076,1909f56bfc062723c751e8b465ee728b)
Start importing Assets/Prefabs/Skill/Sword.prefab using Guid(67fe852226ef96a4bbe68da833bf9b8e) Importer(815301076,1909f56bfc062723c751e8b465ee728b)  -> (artifact id: '7328a04692e2d21602cc5f66cb30a123') in 0.009843 seconds
Number of updated asset objects reloaded before import = 0
Number of asset objects unloaded after import = 41
========================================================================
Received Import Request.
  Time since last request: 0.000013 seconds.
  path: Assets/Prefabs/Skill/Melee.prefab
  artifactKey: Guid(f8658e0be2665274fba308c716834c98) Importer(815301076,1909f56bfc062723c751e8b465ee728b)
Start importing Assets/Prefabs/Skill/Melee.prefab using Guid(f8658e0be2665274fba308c716834c98) Importer(815301076,1909f56bfc062723c751e8b465ee728b)  -> (artifact id: 'ab8c1438b164a6a053c2a9e662ba967f') in 0.007828 seconds
Number of updated asset objects reloaded before import = 0
Number of asset objects unloaded after import = 30
========================================================================
Received Import Request.
  Time since last request: 7.435641 seconds.
  path: Assets/Prefabs/Player/LegacyUi/HeroineC-LegacyUI.prefab
  artifactKey: Guid(a17ac67673728c24b99873180aa62b8c) Importer(815301076,1909f56bfc062723c751e8b465ee728b)
Start importing Assets/Prefabs/Player/LegacyUi/HeroineC-LegacyUI.prefab using Guid(a17ac67673728c24b99873180aa62b8c) Importer(815301076,1909f56bfc062723c751e8b465ee728b)  -> (artifact id: '42aa6d9bf9cc0cc53eb8494f512797b1') in 0.200603 seconds
Number of updated asset objects reloaded before import = 0
Number of asset objects unloaded after import = 3721
========================================================================
Received Import Request.
  Time since last request: 1.727161 seconds.
  path: Assets/Prefabs/Player/CanvasUi/ETC-Canvas.prefab
  artifactKey: Guid(89dcc1976a36009429d6449f94de0142) Importer(815301076,1909f56bfc062723c751e8b465ee728b)
Start importing Assets/Prefabs/Player/CanvasUi/ETC-Canvas.prefab using Guid(89dcc1976a36009429d6449f94de0142) Importer(815301076,1909f56bfc062723c751e8b465ee728b)  -> (artifact id: '223ff1e1db3add6e483ca1ef0015d932') in 0.003383 seconds
Number of updated asset objects reloaded before import = 0
Number of asset objects unloaded after import = 47
========================================================================
Received Import Request.
  Time since last request: 0.000011 seconds.
  path: Assets/Prefabs/Player/CanvasUi/SkillTree-Ranger.prefab
  artifactKey: Guid(7d26d8163c327f845a85f4c3b4288413) Importer(815301076,1909f56bfc062723c751e8b465ee728b)
Start importing Assets/Prefabs/Player/CanvasUi/SkillTree-Ranger.prefab using Guid(7d26d8163c327f845a85f4c3b4288413) Importer(815301076,1909f56bfc062723c751e8b465ee728b)  -> (artifact id: '4ab82ed4ae26b3293e6d0e078607446e') in 0.010610 seconds
Number of updated asset objects reloaded before import = 0
Number of asset objects unloaded after import = 401
========================================================================
Received Import Request.
  Time since last request: 0.000013 seconds.
  path: Assets/Prefabs/Player/CanvasUi/Inventory.prefab
  artifactKey: Guid(88668efb9ef47a04887a2b1074b9df37) Importer(815301076,1909f56bfc062723c751e8b465ee728b)
Start importing Assets/Prefabs/Player/CanvasUi/Inventory.prefab using Guid(88668efb9ef47a04887a2b1074b9df37) Importer(815301076,1909f56bfc062723c751e8b465ee728b)  -> (artifact id: 'f5e68cf873dc50cded044593e6d88bd7') in 0.036239 seconds
Number of updated asset objects reloaded before import = 0
Number of asset objects unloaded after import = 858
========================================================================
Received Import Request.
  Time since last request: 0.000016 seconds.
  path: Assets/Prefabs/Player/CanvasUi/HealthBar-Ranger.prefab
  artifactKey: Guid(c1f5c6d29cdd995419bc4aa6649a870d) Importer(815301076,1909f56bfc062723c751e8b465ee728b)
Start importing Assets/Prefabs/Player/CanvasUi/HealthBar-Ranger.prefab using Guid(c1f5c6d29cdd995419bc4aa6649a870d) Importer(815301076,1909f56bfc062723c751e8b465ee728b)  -> (artifact id: 'f79ce3456f79b0d4d2ad0934a89e3f27') in 0.005042 seconds
Number of updated asset objects reloaded before import = 0
Number of asset objects unloaded after import = 220
========================================================================
Received Import Request.
  Time since last request: 20.352470 seconds.
  path: Assets/Prefabs/Pet/Crow.prefab
  artifactKey: Guid(8b9f7dfc2601d914b955c180281f34e8) Importer(815301076,1909f56bfc062723c751e8b465ee728b)
Start importing Assets/Prefabs/Pet/Crow.prefab using Guid(8b9f7dfc2601d914b955c180281f34e8) Importer(815301076,1909f56bfc062723c751e8b465ee728b)  -> (artifact id: '2155e0ba7f39ed2dc821238bf8a90555') in 0.016807 seconds
Number of updated asset objects reloaded before import = 0
Number of asset objects unloaded after import = 194
========================================================================
Received Import Request.
  Time since last request: 0.000016 seconds.
  path: Assets/Prefabs/Pet/Wolf.prefab
  artifactKey: Guid(d587e7822f8adb548aad0b6fb1a2e78d) Importer(815301076,1909f56bfc062723c751e8b465ee728b)
Start importing Assets/Prefabs/Pet/Wolf.prefab using Guid(d587e7822f8adb548aad0b6fb1a2e78d) Importer(815301076,1909f56bfc062723c751e8b465ee728b)  -> (artifact id: '56b25375db96404e4e59155911745310') in 0.016944 seconds
Number of updated asset objects reloaded before import = 0
Number of asset objects unloaded after import = 301
========================================================================
Received Import Request.
  Time since last request: 0.000015 seconds.
  path: Assets/Prefabs/Pet/WolfDeath.prefab
  artifactKey: Guid(35f81e919988e1641baede0c0a0310ed) Importer(815301076,1909f56bfc062723c751e8b465ee728b)
Start importing Assets/Prefabs/Pet/WolfDeath.prefab using Guid(35f81e919988e1641baede0c0a0310ed) Importer(815301076,1909f56bfc062723c751e8b465ee728b)  -> (artifact id: 'be6b822ef3cf81833e341da5e7252c0b') in 0.007249 seconds
Number of updated asset objects reloaded before import = 0
Number of asset objects unloaded after import = 108
========================================================================
Received Import Request.
  Time since last request: 1.827244 seconds.
  path: Assets/Prefabs/Monster/AngrySlime.prefab
  artifactKey: Guid(75bba91538a009a4cbd9d990ca29c1c2) Importer(815301076,1909f56bfc062723c751e8b465ee728b)
Start importing Assets/Prefabs/Monster/AngrySlime.prefab using Guid(75bba91538a009a4cbd9d990ca29c1c2) Importer(815301076,1909f56bfc062723c751e8b465ee728b)  -> (artifact id: '8f22daa19794a0c9d84b720a476dbca1') in 0.021398 seconds
Number of updated asset objects reloaded before import = 0
Number of asset objects unloaded after import = 218
========================================================================
Received Import Request.
  Time since last request: 0.000014 seconds.
  path: Assets/Prefabs/Monster/GoblinMageDeath.prefab
  artifactKey: Guid(9bce56a40804c9b498198f862ff6bf55) Importer(815301076,1909f56bfc062723c751e8b465ee728b)
Start importing Assets/Prefabs/Monster/GoblinMageDeath.prefab using Guid(9bce56a40804c9b498198f862ff6bf55) Importer(815301076,1909f56bfc062723c751e8b465ee728b)  -> (artifact id: '4878c9929c4ae17a584ef03915c02ee7') in 0.037497 seconds
Number of updated asset objects reloaded before import = 0
Number of asset objects unloaded after import = 498
========================================================================
Received Import Request.
  Time since last request: 0.000019 seconds.
  path: Assets/Prefabs/Monster/PoisonSpiderDeath.prefab
  artifactKey: Guid(d9b704425b76eb240a2ddf5c3894ac3a) Importer(815301076,1909f56bfc062723c751e8b465ee728b)
Start importing Assets/Prefabs/Monster/PoisonSpiderDeath.prefab using Guid(d9b704425b76eb240a2ddf5c3894ac3a) Importer(815301076,1909f56bfc062723c751e8b465ee728b)  -> (artifact id: '5545e01faa56f36284c0cdc24a385c16') in 0.022965 seconds
Number of updated asset objects reloaded before import = 0
Number of asset objects unloaded after import = 407
========================================================================
Received Import Request.
  Time since last request: 0.000024 seconds.
  path: Assets/Prefabs/Monster/Spider.prefab
  artifactKey: Guid(d94c638f3b7191e49b79f07be4eae079) Importer(815301076,1909f56bfc062723c751e8b465ee728b)
Start importing Assets/Prefabs/Monster/Spider.prefab using Guid(d94c638f3b7191e49b79f07be4eae079) Importer(815301076,1909f56bfc062723c751e8b465ee728b)  -> (artifact id: 'fec9b28c0026aa44c29d8408c3a4b3a0') in 0.022248 seconds
Number of updated asset objects reloaded before import = 0
Number of asset objects unloaded after import = 398
========================================================================
Received Import Request.
  Time since last request: 0.000015 seconds.
  path: Assets/Prefabs/Monster/BigGoblin.prefab
  artifactKey: Guid(d57c28a9ebb4e9f4fb3afbd199620fae) Importer(815301076,1909f56bfc062723c751e8b465ee728b)
Start importing Assets/Prefabs/Monster/BigGoblin.prefab using Guid(d57c28a9ebb4e9f4fb3afbd199620fae) Importer(815301076,1909f56bfc062723c751e8b465ee728b)  -> (artifact id: '5935fd2b86b700f5d79c5b9a4dfc5000') in 0.023661 seconds
Number of updated asset objects reloaded before import = 0
Number of asset objects unloaded after import = 471
========================================================================
Received Import Request.
  Time since last request: 0.000015 seconds.
  path: Assets/Prefabs/Monster/GoblinWarlock.prefab
  artifactKey: Guid(fc118ae8a9b719b4289a42fad14828cc) Importer(815301076,1909f56bfc062723c751e8b465ee728b)
Start importing Assets/Prefabs/Monster/GoblinWarlock.prefab using Guid(fc118ae8a9b719b4289a42fad14828cc) Importer(815301076,1909f56bfc062723c751e8b465ee728b)  -> (artifact id: '2f1dd4461f44eeb279731c0e8e677789') in 0.060912 seconds
Number of updated asset objects reloaded before import = 0
Number of asset objects unloaded after import = 723
========================================================================
Received Import Request.
  Time since last request: 0.000021 seconds.
  path: Assets/Prefabs/Monster/FieldGoblinDeath.prefab
  artifactKey: Guid(68d702f5ca412fe4c96c7602f91825f9) Importer(815301076,1909f56bfc062723c751e8b465ee728b)
Start importing Assets/Prefabs/Monster/FieldGoblinDeath.prefab using Guid(68d702f5ca412fe4c96c7602f91825f9) Importer(815301076,1909f56bfc062723c751e8b465ee728b)  -> (artifact id: '110b4e59744223b9642e29a3b785f81b') in 0.023704 seconds
Number of updated asset objects reloaded before import = 0
Number of asset objects unloaded after import = 457
========================================================================
Received Import Request.
  Time since last request: 0.000016 seconds.
  path: Assets/Prefabs/Monster/HeadCutterDeath.prefab
  artifactKey: Guid(6bdc540b6a6875b4ba4c123679dbb646) Importer(815301076,1909f56bfc062723c751e8b465ee728b)
Start importing Assets/Prefabs/Monster/HeadCutterDeath.prefab using Guid(6bdc540b6a6875b4ba4c123679dbb646) Importer(815301076,1909f56bfc062723c751e8b465ee728b)  -> (artifact id: 'bd5717c3d29fcb10ab735028180b381d') in 0.012085 seconds
Number of updated asset objects reloaded before import = 0
Number of asset objects unloaded after import = 239
========================================================================
Received Import Request.
  Time since last request: 0.000012 seconds.
  path: Assets/Prefabs/Monster/HighGoblinDeath.prefab
  artifactKey: Guid(511c31f8b1000fb4a9d993e2d2d9f056) Importer(815301076,1909f56bfc062723c751e8b465ee728b)
Start importing Assets/Prefabs/Monster/HighGoblinDeath.prefab using Guid(511c31f8b1000fb4a9d993e2d2d9f056) Importer(815301076,1909f56bfc062723c751e8b465ee728b)  -> (artifact id: '1d464ed35e4ad4675bbfaa370524dc1d') in 0.024145 seconds
Number of updated asset objects reloaded before import = 0
Number of asset objects unloaded after import = 456
========================================================================
Received Import Request.
  Time since last request: 0.000021 seconds.
  path: Assets/Prefabs/Monster/GoblinMage.prefab
  artifactKey: Guid(d03c1336f541b664099507265baac47f) Importer(815301076,1909f56bfc062723c751e8b465ee728b)
Start importing Assets/Prefabs/Monster/GoblinMage.prefab using Guid(d03c1336f541b664099507265baac47f) Importer(815301076,1909f56bfc062723c751e8b465ee728b)  -> (artifact id: 'fdce762b0c02d36cdc07487a8642bd6a') in 0.037713 seconds
Number of updated asset objects reloaded before import = 0
Number of asset objects unloaded after import = 498
========================================================================
Received Import Request.
  Time since last request: 17.469787 seconds.
  path: Assets/Prefabs/Effect/BombEffect.prefab
  artifactKey: Guid(bbaf82ef2a4f6fa4297f1652655b69c4) Importer(815301076,1909f56bfc062723c751e8b465ee728b)
Start importing Assets/Prefabs/Effect/BombEffect.prefab using Guid(bbaf82ef2a4f6fa4297f1652655b69c4) Importer(815301076,1909f56bfc062723c751e8b465ee728b)  -> (artifact id: 'b79edb296020103bc2e6d64a9213af8a') in 0.029089 seconds
Number of updated asset objects reloaded before import = 0
Number of asset objects unloaded after import = 42
========================================================================
Received Import Request.
  Time since last request: 0.000012 seconds.
  path: Assets/Prefabs/Effect/IceHit.prefab
  artifactKey: Guid(130d3256e0ed54340b01106d31c2f36a) Importer(815301076,1909f56bfc062723c751e8b465ee728b)
Start importing Assets/Prefabs/Effect/IceHit.prefab using Guid(130d3256e0ed54340b01106d31c2f36a) Importer(815301076,1909f56bfc062723c751e8b465ee728b)  -> (artifact id: '11cb259a2a106a3f8274b124f0c8890c') in 0.007358 seconds
Number of updated asset objects reloaded before import = 0
Number of asset objects unloaded after import = 12
========================================================================
Received Import Request.
  Time since last request: 0.000014 seconds.
  path: Assets/Prefabs/Effect/SwordHit.prefab
  artifactKey: Guid(01094bc45e7169d4faf2223c18071517) Importer(815301076,1909f56bfc062723c751e8b465ee728b)
Start importing Assets/Prefabs/Effect/SwordHit.prefab using Guid(01094bc45e7169d4faf2223c18071517) Importer(815301076,1909f56bfc062723c751e8b465ee728b)  -> (artifact id: '2376f5a2717713a2809c9f4c0417644f') in 0.008950 seconds
Number of updated asset objects reloaded before import = 0
Number of asset objects unloaded after import = 27
========================================================================
Received Import Request.
  Time since last request: 0.000013 seconds.
  path: Assets/Prefabs/Effect/MagicCircleRed.prefab
  artifactKey: Guid(1a8bd29dbe79f434aa542335b3a583c1) Importer(815301076,1909f56bfc062723c751e8b465ee728b)
Start importing Assets/Prefabs/Effect/MagicCircleRed.prefab using Guid(1a8bd29dbe79f434aa542335b3a583c1) Importer(815301076,1909f56bfc062723c751e8b465ee728b)  -> (artifact id: '19e2b17036f4ee3ec62b7480958ae82b') in 0.007945 seconds
Number of updated asset objects reloaded before import = 0
Number of asset objects unloaded after import = 22
========================================================================
Received Import Request.
  Time since last request: 0.000015 seconds.
  path: Assets/Prefabs/Effect/LightningHit.prefab
  artifactKey: Guid(f36091064ad451746a1886822001e20d) Importer(815301076,1909f56bfc062723c751e8b465ee728b)
Start importing Assets/Prefabs/Effect/LightningHit.prefab using Guid(f36091064ad451746a1886822001e20d) Importer(815301076,1909f56bfc062723c751e8b465ee728b)  -> (artifact id: '9dadc0cfc9243ee4d79edeb16e20500d') in 0.005954 seconds
Number of updated asset objects reloaded before import = 0
Number of asset objects unloaded after import = 18
========================================================================
Received Import Request.
  Time since last request: 0.000011 seconds.
  path: Assets/Prefabs/Effect/Silence.prefab
  artifactKey: Guid(7cda3795d13fcbf4f8e8a3a6ef6cc131) Importer(815301076,1909f56bfc062723c751e8b465ee728b)
Start importing Assets/Prefabs/Effect/Silence.prefab using Guid(7cda3795d13fcbf4f8e8a3a6ef6cc131) Importer(815301076,1909f56bfc062723c751e8b465ee728b)  -> (artifact id: '759149483a1fefbb3a2d9d599871ba44') in 0.005313 seconds
Number of updated asset objects reloaded before import = 0
Number of asset objects unloaded after import = 13
========================================================================
Received Import Request.
  Time since last request: 0.000012 seconds.
  path: Assets/Prefabs/Effect/FallingDamageEffect.prefab
  artifactKey: Guid(48bba1a5ca0b49b43b90ba414a78f9f0) Importer(815301076,1909f56bfc062723c751e8b465ee728b)
Start importing Assets/Prefabs/Effect/FallingDamageEffect.prefab using Guid(48bba1a5ca0b49b43b90ba414a78f9f0) Importer(815301076,1909f56bfc062723c751e8b465ee728b)  -> (artifact id: 'f0cc648c0b3769c7d57019b1ec1bf681') in 0.007600 seconds
Number of updated asset objects reloaded before import = 0
Number of asset objects unloaded after import = 25
========================================================================
Received Import Request.
  Time since last request: 0.000013 seconds.
  path: Assets/Prefabs/Effect/MagicCircleBlue.prefab
  artifactKey: Guid(247327e489b82f448b6226274c0139ab) Importer(815301076,1909f56bfc062723c751e8b465ee728b)
Start importing Assets/Prefabs/Effect/MagicCircleBlue.prefab using Guid(247327e489b82f448b6226274c0139ab) Importer(815301076,1909f56bfc062723c751e8b465ee728b)  -> (artifact id: 'dd20194d9894b2f8d8d330aa485f6a99') in 0.008861 seconds
Number of updated asset objects reloaded before import = 0
Number of asset objects unloaded after import = 22
========================================================================
Received Import Request.
  Time since last request: 0.000012 seconds.
  path: Assets/Prefabs/Effect/MagicCircleGreen.prefab
  artifactKey: Guid(09db79cc955c09f43b21a02d1384b6d8) Importer(815301076,1909f56bfc062723c751e8b465ee728b)
Start importing Assets/Prefabs/Effect/MagicCircleGreen.prefab using Guid(09db79cc955c09f43b21a02d1384b6d8) Importer(815301076,1909f56bfc062723c751e8b465ee728b)  -> (artifact id: 'd7339f1c88323acc12e238a7e8c05a86') in 0.007942 seconds
Number of updated asset objects reloaded before import = 0
Number of asset objects unloaded after import = 22
========================================================================
Received Import Request.
  Time since last request: 0.000013 seconds.
  path: Assets/Prefabs/Effect/SwordHitGreen.prefab
  artifactKey: Guid(d478b86126e2d6847b2ac04394283305) Importer(815301076,1909f56bfc062723c751e8b465ee728b)
Start importing Assets/Prefabs/Effect/SwordHitGreen.prefab using Guid(d478b86126e2d6847b2ac04394283305) Importer(815301076,1909f56bfc062723c751e8b465ee728b)  -> (artifact id: '3f41f2689b95c6f1c6186af60dab2f0a') in 0.008019 seconds
Number of updated asset objects reloaded before import = 0
Number of asset objects unloaded after import = 27
========================================================================
Received Import Request.
  Time since last request: 0.000015 seconds.
  path: Assets/Prefabs/Effect/Spark.prefab
  artifactKey: Guid(ed67c4f70be253b419b6be1e129f4869) Importer(815301076,1909f56bfc062723c751e8b465ee728b)
Start importing Assets/Prefabs/Effect/Spark.prefab using Guid(ed67c4f70be253b419b6be1e129f4869) Importer(815301076,1909f56bfc062723c751e8b465ee728b)  -> (artifact id: '0a4cc3f8b2aafb861840b3c216525717') in 0.008121 seconds
Number of updated asset objects reloaded before import = 0
Number of asset objects unloaded after import = 16
========================================================================
Received Import Request.
  Time since last request: 0.000013 seconds.
  path: Assets/Prefabs/Effect/WebbedUp.prefab
  artifactKey: Guid(ee99d55696f98594091961758665d6c4) Importer(815301076,1909f56bfc062723c751e8b465ee728b)
Start importing Assets/Prefabs/Effect/WebbedUp.prefab using Guid(ee99d55696f98594091961758665d6c4) Importer(815301076,1909f56bfc062723c751e8b465ee728b)  -> (artifact id: '65b3cb4767ba9bc01fb8f353c39eef52') in 0.006121 seconds
Number of updated asset objects reloaded before import = 0
Number of asset objects unloaded after import = 23
========================================================================
Received Import Request.
  Time since last request: 3.013893 seconds.
  path: Assets/Prefabs/Item/ArrowDrop.prefab
  artifactKey: Guid(1af9f254c4423984a9468ecb2de464fe) Importer(815301076,1909f56bfc062723c751e8b465ee728b)
Start importing Assets/Prefabs/Item/ArrowDrop.prefab using Guid(1af9f254c4423984a9468ecb2de464fe) Importer(815301076,1909f56bfc062723c751e8b465ee728b)  -> (artifact id: '92f484e1040a4cf1470a1a0407c4d6fa') in 0.007852 seconds
Number of updated asset objects reloaded before import = 0
Number of asset objects unloaded after import = 25
========================================================================
Received Import Request.
  Time since last request: 0.000012 seconds.
  path: Assets/Prefabs/Item/SpiderWeb.prefab
  artifactKey: Guid(7b44a28e080181b40af4cc4f3ac29080) Importer(815301076,1909f56bfc062723c751e8b465ee728b)
Start importing Assets/Prefabs/Item/SpiderWeb.prefab using Guid(7b44a28e080181b40af4cc4f3ac29080) Importer(815301076,1909f56bfc062723c751e8b465ee728b)  -> (artifact id: 'a3ce3101a04fc574470255ed514dab85') in 0.007761 seconds
Number of updated asset objects reloaded before import = 0
Number of asset objects unloaded after import = 25
========================================================================
Received Import Request.
  Time since last request: 0.000012 seconds.
  path: Assets/Prefabs/Item/SpiderVenom.prefab
  artifactKey: Guid(2a11d00ea07c0b946bf9afe16f1b71a2) Importer(815301076,1909f56bfc062723c751e8b465ee728b)
Start importing Assets/Prefabs/Item/SpiderVenom.prefab using Guid(2a11d00ea07c0b946bf9afe16f1b71a2) Importer(815301076,1909f56bfc062723c751e8b465ee728b)  -> (artifact id: '004fbf5297c3db2d46571b554ae92f22') in 0.005772 seconds
Number of updated asset objects reloaded before import = 0
Number of asset objects unloaded after import = 25
========================================================================
Received Import Request.
  Time since last request: 0.000012 seconds.
  path: Assets/Prefabs/Item/Trunk.prefab
  artifactKey: Guid(124fca8e35a7e5b4698ae66a1b0db68a) Importer(815301076,1909f56bfc062723c751e8b465ee728b)
Start importing Assets/Prefabs/Item/Trunk.prefab using Guid(124fca8e35a7e5b4698ae66a1b0db68a) Importer(815301076,1909f56bfc062723c751e8b465ee728b)  -> (artifact id: '3bd8def910038b6ec03ebbb990841547') in 0.010168 seconds
Number of updated asset objects reloaded before import = 0
Number of asset objects unloaded after import = 25
========================================================================
Received Import Request.
  Time since last request: 0.000013 seconds.
  path: Assets/Prefabs/Item/Potion.prefab
  artifactKey: Guid(c0b5d2a4fa04d5240a3525782e0cc579) Importer(815301076,1909f56bfc062723c751e8b465ee728b)
Start importing Assets/Prefabs/Item/Potion.prefab using Guid(c0b5d2a4fa04d5240a3525782e0cc579) Importer(815301076,1909f56bfc062723c751e8b465ee728b)  -> (artifact id: 'fa1ff0748c340cdaf355dfe8d23548d9') in 0.011087 seconds
Number of updated asset objects reloaded before import = 0
Number of asset objects unloaded after import = 23
========================================================================
Received Import Request.
  Time since last request: 26.121102 seconds.
  path: Assets/Scripts/Mount
  artifactKey: Guid(49aa34e05af50ec4c846abb65410f60e) Importer(815301076,1909f56bfc062723c751e8b465ee728b)
Start importing Assets/Scripts/Mount using Guid(49aa34e05af50ec4c846abb65410f60e) Importer(815301076,1909f56bfc062723c751e8b465ee728b)  -> (artifact id: '9d9aa056131a03d6b068c5b250c76a88') in 0.000513 seconds
Number of updated asset objects reloaded before import = 0
Number of asset objects unloaded after import = 0
========================================================================
Received Import Request.
  Time since last request: 1.070513 seconds.
  path: Assets/Scripts/Mount/MountActivatorC.cs
  artifactKey: Guid(1308374abb5d4a0458011a612d8fdf19) Importer(815301076,1909f56bfc062723c751e8b465ee728b)
Start importing Assets/Scripts/Mount/MountActivatorC.cs using Guid(1308374abb5d4a0458011a612d8fdf19) Importer(815301076,1909f56bfc062723c751e8b465ee728b)  -> (artifact id: '57b7c041a39347f6959026dfe7832d47') in 0.000419 seconds
Number of updated asset objects reloaded before import = 0
Number of asset objects unloaded after import = 0
========================================================================
Received Import Request.
  Time since last request: 18.047070 seconds.
  path: Assets/Scripts/EventSystemScript/EventActivator.cs
  artifactKey: Guid(47cc5593911421b4bae614db71ec719b) Importer(815301076,1909f56bfc062723c751e8b465ee728b)
Start importing Assets/Scripts/EventSystemScript/EventActivator.cs using Guid(47cc5593911421b4bae614db71ec719b) Importer(815301076,1909f56bfc062723c751e8b465ee728b)  -> (artifact id: '5930d9d519264098111c91b4b97ab8a1') in 0.000472 seconds
Number of updated asset objects reloaded before import = 0
Number of asset objects unloaded after import = 0
========================================================================
Received Import Request.
  Time since last request: 0.729613 seconds.
  path: Assets/Scripts/EventSystemScript/EventSetting.cs
  artifactKey: Guid(89b96f699e9e1ca47b69a675ab34269d) Importer(815301076,1909f56bfc062723c751e8b465ee728b)
Start importing Assets/Scripts/EventSystemScript/EventSetting.cs using Guid(89b96f699e9e1ca47b69a675ab34269d) Importer(815301076,1909f56bfc062723c751e8b465ee728b)  -> (artifact id: 'd3fda1afc0f6a966a5093193cb1cd5cb') in 0.000521 seconds
Number of updated asset objects reloaded before import = 0
Number of asset objects unloaded after import = 0
========================================================================
Received Import Request.
  Time since last request: 0.805898 seconds.
  path: Assets/Scripts/EventSystemScript/SpawnConditionBool.cs
  artifactKey: Guid(b1662321281ed91468e333c99aaf5bca) Importer(815301076,1909f56bfc062723c751e8b465ee728b)
Start importing Assets/Scripts/EventSystemScript/SpawnConditionBool.cs using Guid(b1662321281ed91468e333c99aaf5bca) Importer(815301076,1909f56bfc062723c751e8b465ee728b)  -> (artifact id: '8a42af200e2621553d38a25b4c362d08') in 0.000480 seconds
Number of updated asset objects reloaded before import = 0
Number of asset objects unloaded after import = 0
========================================================================
Received Import Request.
  Time since last request: 2.453722 seconds.
  path: Assets/Scripts/EventSystemScript/SpawnCondition.cs
  artifactKey: Guid(e7c11469bb6e3dd4c90e0f77e488829d) Importer(815301076,1909f56bfc062723c751e8b465ee728b)
Start importing Assets/Scripts/EventSystemScript/SpawnCondition.cs using Guid(e7c11469bb6e3dd4c90e0f77e488829d) Importer(815301076,1909f56bfc062723c751e8b465ee728b)  -> (artifact id: '385bb00dee303694157adfff501257eb') in 0.000453 seconds
Number of updated asset objects reloaded before import = 0
Number of asset objects unloaded after import = 0
========================================================================
Received Import Request.
  Time since last request: 6.199089 seconds.
  path: Assets/Scripts/EventSystemScript/ShakeScreen.cs
  artifactKey: Guid(e564462409c8f9441a783cd1072d7749) Importer(815301076,1909f56bfc062723c751e8b465ee728b)
Start importing Assets/Scripts/EventSystemScript/ShakeScreen.cs using Guid(e564462409c8f9441a783cd1072d7749) Importer(815301076,1909f56bfc062723c751e8b465ee728b)  -> (artifact id: '5074cf69872d85bfe6ffbe945e1b3cbd') in 0.000500 seconds
Number of updated asset objects reloaded before import = 0
Number of asset objects unloaded after import = 0
========================================================================
Received Import Request.
  Time since last request: 3.030830 seconds.
  path: Assets/Scripts/EventSystemScript/PlayerActivateEvent.cs
  artifactKey: Guid(e133870017d2d814ba4de0e454fa7d74) Importer(815301076,1909f56bfc062723c751e8b465ee728b)
Start importing Assets/Scripts/EventSystemScript/PlayerActivateEvent.cs using Guid(e133870017d2d814ba4de0e454fa7d74) Importer(815301076,1909f56bfc062723c751e8b465ee728b)  -> (artifact id: '108b413eb3f1477e34729a45e208e029') in 0.000513 seconds
Number of updated asset objects reloaded before import = 0
Number of asset objects unloaded after import = 0
========================================================================
Received Import Request.
  Time since last request: 3.382966 seconds.
  path: Assets/Scripts/EventSystemScript/MovingLookingEvent.cs
  artifactKey: Guid(b6e4e1963a60a9f47881e4b125cdf93b) Importer(815301076,1909f56bfc062723c751e8b465ee728b)
Start importing Assets/Scripts/EventSystemScript/MovingLookingEvent.cs using Guid(b6e4e1963a60a9f47881e4b125cdf93b) Importer(815301076,1909f56bfc062723c751e8b465ee728b)  -> (artifact id: '918485833b6c049653b9dce67e079914') in 0.000424 seconds
Number of updated asset objects reloaded before import = 0
Number of asset objects unloaded after import = 0
========================================================================
Received Import Request.
  Time since last request: 2.206835 seconds.
  path: Assets/Scripts/EventSystemScript/MoveImage.cs
  artifactKey: Guid(948524674ac82f74bb3b24d1058f79cc) Importer(815301076,1909f56bfc062723c751e8b465ee728b)
Start importing Assets/Scripts/EventSystemScript/MoveImage.cs using Guid(948524674ac82f74bb3b24d1058f79cc) Importer(815301076,1909f56bfc062723c751e8b465ee728b)  -> (artifact id: '64d72c0f366c11c36e6e8dd91925297c') in 0.000441 seconds
Number of updated asset objects reloaded before import = 0
Number of asset objects unloaded after import = 0
========================================================================
Received Import Request.
  Time since last request: 1.944077 seconds.
  path: Assets/Scripts/EventSystemScript/FadeImage.cs
  artifactKey: Guid(b5431b03f9aedaf4f8e94183b7f7ab0c) Importer(815301076,1909f56bfc062723c751e8b465ee728b)
Start importing Assets/Scripts/EventSystemScript/FadeImage.cs using Guid(b5431b03f9aedaf4f8e94183b7f7ab0c) Importer(815301076,1909f56bfc062723c751e8b465ee728b)  -> (artifact id: 'b54889de6ef89582bb389a724dea111c') in 0.000512 seconds
Number of updated asset objects reloaded before import = 0
Number of asset objects unloaded after import = 0
========================================================================
Received Prepare
Begin MonoManager ReloadAssembly
- Loaded All Assemblies, in  0.401 seconds
Refreshing native plugins compatible for Editor in 2.19 ms, found 3 plugins.
Native extension for WindowsStandalone target not found
Native extension for Android target not found
[Package Manager] Server::EnsureServerProcessIsRunning -- launch failed, reason: Unity was launched with the -noUpm command-line argument
[Package Manager] UpmClient::Send -- Unable to send message (not connected to UPM process).
[Package Manager] Cannot connect to Unity Package Manager local server
Mono: successfully reloaded assembly
- Finished resetting the current domain, in  0.703 seconds
Domain Reload Profiling: 1103ms
	BeginReloadAssembly (143ms)
		ExecutionOrderSort (0ms)
		DisableScriptedObjects (5ms)
		BackupInstance (0ms)
		ReleaseScriptingObjects (0ms)
		CreateAndSetChildDomain (37ms)
	RebuildCommonClasses (31ms)
	RebuildNativeTypeToScriptingClass (11ms)
	initialDomainReloadingComplete (26ms)
	LoadAllAssembliesAndSetupDomain (189ms)
		LoadAssemblies (246ms)
		RebuildTransferFunctionScriptingTraits (0ms)
		AnalyzeDomain (14ms)
			TypeCache.Refresh (7ms)
				TypeCache.ScanAssembly (0ms)
			ScanForSourceGeneratedMonoScriptInfo (0ms)
			ResolveRequiredComponents (6ms)
	FinalizeReload (704ms)
		ReleaseScriptCaches (0ms)
		RebuildScriptCaches (0ms)
		SetupLoadedEditorAssemblies (350ms)
			LogAssemblyErrors (0ms)
			InitializePlatformSupportModulesInManaged (21ms)
			SetLoadedEditorAssemblies (4ms)
			RefreshPlugins (0ms)
			BeforeProcessingInitializeOnLoad (54ms)
			ProcessInitializeOnLoadAttributes (248ms)
			ProcessInitializeOnLoadMethodAttributes (19ms)
			AfterProcessingInitializeOnLoad (4ms)
			EditorAssembliesLoaded (0ms)
		ExecutionOrderSort2 (0ms)
		AwakeInstancesAfterBackupRestoration (7ms)
Refreshing native plugins compatible for Editor in 2.13 ms, found 3 plugins.
Preloading 0 native plugins for Editor in 0.00 ms.
Unloading 3198 Unused Serialized files (Serialized files now loaded: 0)
Unloading 35 unused Assets / (406.1 KB). Loaded Objects now: 3726.
Memory consumption went from 145.7 MB to 145.3 MB.
Total: 3.126100 ms (FindLiveObjects: 0.258000 ms CreateObjectMapping: 0.192000 ms MarkObjects: 2.297800 ms  DeleteObjects: 0.377500 ms)

Prepare: number of updated asset objects reloaded= 0
AssetImportParameters requested are different than current active one (requested -> active):
  custom:container-demuxer-ogg: 62fdf1f143b41e24485cea50d1cbac27 -> 
  custom:video-decoder-ogg-theora: a1e56fd34408186e4bbccfd4996cb3dc -> 
  custom:framework-win-MediaFoundation: 216162199b28c13a410421893ffa2e32 -> 
  custom:CustomObjectIndexerAttribute: 756ad292c208cfabdd7b50bc23989ffe -> 
  custom:container-demuxer-webm: 4f35f7cbe854078d1ac9338744f61a02 -> 
  custom:container-muxer-webm: aa71ff27fc2769a1b78a27578f13a17b -> 
  custom:video-decoder-webm-vp8: 9c59270c3fd7afecdb556c50c9e8de78 -> 
  custom:SearchIndexIgnoredProperties: e643bd26f0fe6173181afceb89e7c659 -> 
  custom:AudioImporter_EditorPlatform: d09bf68614088b80899f8185d706f6e7 -> 
  custom:video-encoder-webm-vp8: eb34c28f22e8b96e1ab97ce403110664 -> 
  custom:audio-decoder-ogg-vorbis: bf7c407c2cedff20999df2af8eb42d56 -> 
  custom:audio-encoder-webm-vorbis: bf7c407c2cedff20999df2af8eb42d56 -> 
========================================================================
Received Import Request.
  Time since last request: 870.640134 seconds.
  path: Assets/GraphicResources/GUI/Aim.png
  artifactKey: Guid(67e757b204795b64d9842aefd1da0d39) Importer(815301076,1909f56bfc062723c751e8b465ee728b)
Start importing Assets/GraphicResources/GUI/Aim.png using Guid(67e757b204795b64d9842aefd1da0d39) Importer(815301076,1909f56bfc062723c751e8b465ee728b)  -> (artifact id: '69db2d171d48a59e662bdfda153a3d52') in 0.071147 seconds
Number of updated asset objects reloaded before import = 0
Number of asset objects unloaded after import = 3
========================================================================
Received Import Request.
  Time since last request: 0.000016 seconds.
  path: Assets/GraphicResources/GUI/tip.png
  artifactKey: Guid(29520e1462d5b1f418203808bae3b3e6) Importer(815301076,1909f56bfc062723c751e8b465ee728b)
Start importing Assets/GraphicResources/GUI/tip.png using Guid(29520e1462d5b1f418203808bae3b3e6) Importer(815301076,1909f56bfc062723c751e8b465ee728b)  -> (artifact id: '3c70901dbee2d80392d1a568127a17ad') in 0.009240 seconds
Number of updated asset objects reloaded before import = 0
Number of asset objects unloaded after import = 2
========================================================================
Received Import Request.
  Time since last request: 0.000060 seconds.
  path: Assets/GraphicResources/GUI/HPBar.png
  artifactKey: Guid(13eb23ceee8c2cf49bf6bffbfe347133) Importer(815301076,1909f56bfc062723c751e8b465ee728b)
Start importing Assets/GraphicResources/GUI/HPBar.png using Guid(13eb23ceee8c2cf49bf6bffbfe347133) Importer(815301076,1909f56bfc062723c751e8b465ee728b)  -> (artifact id: 'c834b43f6d2f75aae6843f0173e521ef') in 0.017142 seconds
Number of updated asset objects reloaded before import = 0
Number of asset objects unloaded after import = 3
========================================================================
Received Import Request.
  Time since last request: 0.000128 seconds.
  path: Assets/GraphicResources/GUI/TextWindow.png
  artifactKey: Guid(d742dc22e7e604243a6d161f087dd9ef) Importer(815301076,1909f56bfc062723c751e8b465ee728b)
Start importing Assets/GraphicResources/GUI/TextWindow.png using Guid(d742dc22e7e604243a6d161f087dd9ef) Importer(815301076,1909f56bfc062723c751e8b465ee728b)  -> (artifact id: '68e51196a0c56d12792060df3491d7f2') in 0.017512 seconds
Number of updated asset objects reloaded before import = 0
Number of asset objects unloaded after import = 3
========================================================================
Received Import Request.
  Time since last request: 0.000014 seconds.
  path: Assets/GraphicResources/GUI/hp.png
  artifactKey: Guid(e1c6a5dac94bce74d9f1d42d9b3ed0f9) Importer(815301076,1909f56bfc062723c751e8b465ee728b)
Start importing Assets/GraphicResources/GUI/hp.png using Guid(e1c6a5dac94bce74d9f1d42d9b3ed0f9) Importer(815301076,1909f56bfc062723c751e8b465ee728b)  -> (artifact id: '674d310bdd26d8b628bd91ccbabe85de') in 0.012226 seconds
Number of updated asset objects reloaded before import = 0
Number of asset objects unloaded after import = 3
========================================================================
Received Import Request.
  Time since last request: 0.000025 seconds.
  path: Assets/GraphicResources/GUI/HeroineCG.png
  artifactKey: Guid(ffe5b11c11b305a48820c00434994daf) Importer(815301076,1909f56bfc062723c751e8b465ee728b)
Start importing Assets/GraphicResources/GUI/HeroineCG.png using Guid(ffe5b11c11b305a48820c00434994daf) Importer(815301076,1909f56bfc062723c751e8b465ee728b)  -> (artifact id: 'aa1ea5f26260eafdbe96edd107d738b7') in 0.012726 seconds
Number of updated asset objects reloaded before import = 0
Number of asset objects unloaded after import = 2
========================================================================
Received Import Request.
  Time since last request: 0.000026 seconds.
  path: Assets/GraphicResources/GUI/StaminaGauge.png
  artifactKey: Guid(02cc7950564aa6343a5b9b944977eb97) Importer(815301076,1909f56bfc062723c751e8b465ee728b)
Start importing Assets/GraphicResources/GUI/StaminaGauge.png using Guid(02cc7950564aa6343a5b9b944977eb97) Importer(815301076,1909f56bfc062723c751e8b465ee728b)  -> (artifact id: 'a11300db4ec193b925741478f0ba5b41') in 0.017330 seconds
Number of updated asset objects reloaded before import = 0
Number of asset objects unloaded after import = 3
========================================================================
Received Import Request.
  Time since last request: 0.000027 seconds.
  path: Assets/GraphicResources/GUI/exp.png
  artifactKey: Guid(ac3d02758d11b0c41b37378f073c39a0) Importer(815301076,1909f56bfc062723c751e8b465ee728b)
Start importing Assets/GraphicResources/GUI/exp.png using Guid(ac3d02758d11b0c41b37378f073c39a0) Importer(815301076,1909f56bfc062723c751e8b465ee728b)  -> (artifact id: 'ce8c482832856b9d04e4d9f3dac4a854') in 0.012841 seconds
Number of updated asset objects reloaded before import = 0
Number of asset objects unloaded after import = 3
========================================================================
Received Import Request.
  Time since last request: 0.000013 seconds.
  path: Assets/GraphicResources/GUI/cripic.png
  artifactKey: Guid(1eb06fcaa827f7d4190533498d78335c) Importer(815301076,1909f56bfc062723c751e8b465ee728b)
Start importing Assets/GraphicResources/GUI/cripic.png using Guid(1eb06fcaa827f7d4190533498d78335c) Importer(815301076,1909f56bfc062723c751e8b465ee728b)  -> (artifact id: 'd6d2e9266e0721c9d641483574ed9877') in 0.009788 seconds
Number of updated asset objects reloaded before import = 0
Number of asset objects unloaded after import = 2
========================================================================
Received Import Request.
  Time since last request: 0.000062 seconds.
  path: Assets/GraphicResources/GUI/humanbody.png
  artifactKey: Guid(9171110825cda554f9adebf11760551e) Importer(815301076,1909f56bfc062723c751e8b465ee728b)
Start importing Assets/GraphicResources/GUI/humanbody.png using Guid(9171110825cda554f9adebf11760551e) Importer(815301076,1909f56bfc062723c751e8b465ee728b)  -> (artifact id: 'f984292979e8dc5bb3f8e9f77dca8c4a') in 0.017048 seconds
Number of updated asset objects reloaded before import = 0
Number of asset objects unloaded after import = 3
========================================================================
Received Prepare
Begin MonoManager ReloadAssembly
- Loaded All Assemblies, in  0.399 seconds
Refreshing native plugins compatible for Editor in 1.95 ms, found 3 plugins.
Native extension for WindowsStandalone target not found
Native extension for Android target not found
[Package Manager] Server::EnsureServerProcessIsRunning -- launch failed, reason: Unity was launched with the -noUpm command-line argument
[Package Manager] UpmClient::Send -- Unable to send message (not connected to UPM process).
[Package Manager] Cannot connect to Unity Package Manager local server
Mono: successfully reloaded assembly
- Finished resetting the current domain, in  0.713 seconds
Domain Reload Profiling: 1111ms
	BeginReloadAssembly (151ms)
		ExecutionOrderSort (0ms)
		DisableScriptedObjects (6ms)
		BackupInstance (0ms)
		ReleaseScriptingObjects (0ms)
		CreateAndSetChildDomain (31ms)
	RebuildCommonClasses (31ms)
	RebuildNativeTypeToScriptingClass (11ms)
	initialDomainReloadingComplete (24ms)
	LoadAllAssembliesAndSetupDomain (181ms)
		LoadAssemblies (237ms)
		RebuildTransferFunctionScriptingTraits (0ms)
		AnalyzeDomain (26ms)
			TypeCache.Refresh (11ms)
				TypeCache.ScanAssembly (3ms)
			ScanForSourceGeneratedMonoScriptInfo (7ms)
			ResolveRequiredComponents (6ms)
	FinalizeReload (714ms)
		ReleaseScriptCaches (0ms)
		RebuildScriptCaches (0ms)
		SetupLoadedEditorAssemblies (371ms)
			LogAssemblyErrors (0ms)
			InitializePlatformSupportModulesInManaged (20ms)
			SetLoadedEditorAssemblies (5ms)
			RefreshPlugins (0ms)
			BeforeProcessingInitializeOnLoad (61ms)
			ProcessInitializeOnLoadAttributes (262ms)
			ProcessInitializeOnLoadMethodAttributes (20ms)
			AfterProcessingInitializeOnLoad (4ms)
			EditorAssembliesLoaded (0ms)
		ExecutionOrderSort2 (0ms)
		AwakeInstancesAfterBackupRestoration (5ms)
Refreshing native plugins compatible for Editor in 1.96 ms, found 3 plugins.
Preloading 0 native plugins for Editor in 0.00 ms.
Unloading 3234 Unused Serialized files (Serialized files now loaded: 0)
Unloading 25 unused Assets / (373.1 KB). Loaded Objects now: 3783.
Memory consumption went from 148.3 MB to 147.9 MB.
Total: 2.648900 ms (FindLiveObjects: 0.246800 ms CreateObjectMapping: 0.199900 ms MarkObjects: 1.997000 ms  DeleteObjects: 0.204400 ms)

Prepare: number of updated asset objects reloaded= 0
AssetImportParameters requested are different than current active one (requested -> active):
  custom:container-demuxer-ogg: 62fdf1f143b41e24485cea50d1cbac27 -> 
  custom:video-decoder-ogg-theora: a1e56fd34408186e4bbccfd4996cb3dc -> 
  custom:framework-win-MediaFoundation: 216162199b28c13a410421893ffa2e32 -> 
  custom:CustomObjectIndexerAttribute: 756ad292c208cfabdd7b50bc23989ffe -> 
  custom:container-demuxer-webm: 4f35f7cbe854078d1ac9338744f61a02 -> 
  custom:container-muxer-webm: aa71ff27fc2769a1b78a27578f13a17b -> 
  custom:video-decoder-webm-vp8: 9c59270c3fd7afecdb556c50c9e8de78 -> 
  custom:SearchIndexIgnoredProperties: e643bd26f0fe6173181afceb89e7c659 -> 
  custom:AudioImporter_EditorPlatform: d09bf68614088b80899f8185d706f6e7 -> 
  custom:video-encoder-webm-vp8: eb34c28f22e8b96e1ab97ce403110664 -> 
  custom:audio-decoder-ogg-vorbis: bf7c407c2cedff20999df2af8eb42d56 -> 
  custom:audio-encoder-webm-vorbis: bf7c407c2cedff20999df2af8eb42d56 -> 
========================================================================
Received Prepare
Begin MonoManager ReloadAssembly
- Loaded All Assemblies, in  0.371 seconds
Refreshing native plugins compatible for Editor in 1.95 ms, found 3 plugins.
Native extension for WindowsStandalone target not found
Native extension for Android target not found
[Package Manager] Server::EnsureServerProcessIsRunning -- launch failed, reason: Unity was launched with the -noUpm command-line argument
[Package Manager] UpmClient::Send -- Unable to send message (not connected to UPM process).
[Package Manager] Cannot connect to Unity Package Manager local server
Mono: successfully reloaded assembly
- Finished resetting the current domain, in  0.750 seconds
Domain Reload Profiling: 1120ms
	BeginReloadAssembly (138ms)
		ExecutionOrderSort (0ms)
		DisableScriptedObjects (5ms)
		BackupInstance (0ms)
		ReleaseScriptingObjects (0ms)
		CreateAndSetChildDomain (30ms)
	RebuildCommonClasses (31ms)
	RebuildNativeTypeToScriptingClass (11ms)
	initialDomainReloadingComplete (24ms)
	LoadAllAssembliesAndSetupDomain (166ms)
		LoadAssemblies (226ms)
		RebuildTransferFunctionScriptingTraits (0ms)
		AnalyzeDomain (14ms)
			TypeCache.Refresh (7ms)
				TypeCache.ScanAssembly (0ms)
			ScanForSourceGeneratedMonoScriptInfo (0ms)
			ResolveRequiredComponents (6ms)
	FinalizeReload (751ms)
		ReleaseScriptCaches (0ms)
		RebuildScriptCaches (0ms)
		SetupLoadedEditorAssemblies (380ms)
			LogAssemblyErrors (0ms)
			InitializePlatformSupportModulesInManaged (22ms)
			SetLoadedEditorAssemblies (4ms)
			RefreshPlugins (0ms)
			BeforeProcessingInitializeOnLoad (56ms)
			ProcessInitializeOnLoadAttributes (268ms)
			ProcessInitializeOnLoadMethodAttributes (26ms)
			AfterProcessingInitializeOnLoad (4ms)
			EditorAssembliesLoaded (0ms)
		ExecutionOrderSort2 (0ms)
		AwakeInstancesAfterBackupRestoration (6ms)
Refreshing native plugins compatible for Editor in 2.00 ms, found 3 plugins.
Preloading 0 native plugins for Editor in 0.00 ms.
Unloading 3235 Unused Serialized files (Serialized files now loaded: 0)
Unloading 28 unused Assets / (341.2 KB). Loaded Objects now: 3786.
Memory consumption went from 150.4 MB to 150.1 MB.
Total: 2.730600 ms (FindLiveObjects: 0.275600 ms CreateObjectMapping: 0.203200 ms MarkObjects: 2.010100 ms  DeleteObjects: 0.241200 ms)

Prepare: number of updated asset objects reloaded= 0
AssetImportParameters requested are different than current active one (requested -> active):
  custom:container-demuxer-ogg: 62fdf1f143b41e24485cea50d1cbac27 -> 
  custom:video-decoder-ogg-theora: a1e56fd34408186e4bbccfd4996cb3dc -> 
  custom:framework-win-MediaFoundation: 216162199b28c13a410421893ffa2e32 -> 
  custom:CustomObjectIndexerAttribute: 756ad292c208cfabdd7b50bc23989ffe -> 
  custom:container-demuxer-webm: 4f35f7cbe854078d1ac9338744f61a02 -> 
  custom:container-muxer-webm: aa71ff27fc2769a1b78a27578f13a17b -> 
  custom:video-decoder-webm-vp8: 9c59270c3fd7afecdb556c50c9e8de78 -> 
  custom:SearchIndexIgnoredProperties: e643bd26f0fe6173181afceb89e7c659 -> 
  custom:AudioImporter_EditorPlatform: d09bf68614088b80899f8185d706f6e7 -> 
  custom:video-encoder-webm-vp8: eb34c28f22e8b96e1ab97ce403110664 -> 
  custom:audio-decoder-ogg-vorbis: bf7c407c2cedff20999df2af8eb42d56 -> 
  custom:audio-encoder-webm-vorbis: bf7c407c2cedff20999df2af8eb42d56 -> 
========================================================================
Received Import Request.
  Time since last request: 435.156369 seconds.
  path: Assets/GraphicResources/Icons/Armor1.png
  artifactKey: Guid(ca7c59b691f7b134abacca466f84a899) Importer(815301076,1909f56bfc062723c751e8b465ee728b)
Start importing Assets/GraphicResources/Icons/Armor1.png using Guid(ca7c59b691f7b134abacca466f84a899) Importer(815301076,1909f56bfc062723c751e8b465ee728b)  -> (artifact id: '761f857cfd64e2047e2a36e43fde3b9d') in 0.067786 seconds
Number of updated asset objects reloaded before import = 0
Number of asset objects unloaded after import = 3
========================================================================
Received Import Request.
  Time since last request: 0.000015 seconds.
  path: Assets/GraphicResources/Icons/comet.png
  artifactKey: Guid(bad3665fb7182034f9929a665f4a8059) Importer(815301076,1909f56bfc062723c751e8b465ee728b)
Start importing Assets/GraphicResources/Icons/comet.png using Guid(bad3665fb7182034f9929a665f4a8059) Importer(815301076,1909f56bfc062723c751e8b465ee728b)  -> (artifact id: '072063324769c439be03353cfc4b0716') in 0.020361 seconds
Number of updated asset objects reloaded before import = 0
Number of asset objects unloaded after import = 3
========================================================================
Received Import Request.
  Time since last request: 0.000024 seconds.
  path: Assets/GraphicResources/Icons/faith.png
  artifactKey: Guid(2f75a30a870a8d64fbf889d741c5f1f9) Importer(815301076,1909f56bfc062723c751e8b465ee728b)
Start importing Assets/GraphicResources/Icons/faith.png using Guid(2f75a30a870a8d64fbf889d741c5f1f9) Importer(815301076,1909f56bfc062723c751e8b465ee728b)  -> (artifact id: '9e43f949093b87682bca019a25d20157') in 0.014830 seconds
Number of updated asset objects reloaded before import = 0
Number of asset objects unloaded after import = 3
========================================================================
Received Import Request.
  Time since last request: 0.000019 seconds.
  path: Assets/GraphicResources/Icons/arrowshower.png
  artifactKey: Guid(a70eb5d248c6671419ab31f13b5532a3) Importer(815301076,1909f56bfc062723c751e8b465ee728b)
Start importing Assets/GraphicResources/Icons/arrowshower.png using Guid(a70eb5d248c6671419ab31f13b5532a3) Importer(815301076,1909f56bfc062723c751e8b465ee728b)  -> (artifact id: 'da7ddb9bf8e10f98585ccf32b1f6fdda') in 0.018967 seconds
Number of updated asset objects reloaded before import = 0
Number of asset objects unloaded after import = 3
========================================================================
Received Import Request.
  Time since last request: 0.000016 seconds.
  path: Assets/GraphicResources/Icons/Gel.png
  artifactKey: Guid(b1e3c01aa63fe14478388cf80f80cbfb) Importer(815301076,1909f56bfc062723c751e8b465ee728b)
Start importing Assets/GraphicResources/Icons/Gel.png using Guid(b1e3c01aa63fe14478388cf80f80cbfb) Importer(815301076,1909f56bfc062723c751e8b465ee728b)  -> (artifact id: '96af2529490bd2da45748be5151aec66') in 0.014767 seconds
Number of updated asset objects reloaded before import = 0
Number of asset objects unloaded after import = 3
========================================================================
Received Import Request.
  Time since last request: 0.000067 seconds.
  path: Assets/GraphicResources/Icons/firering.png
  artifactKey: Guid(80425905d2785ee409556861eda6f478) Importer(815301076,1909f56bfc062723c751e8b465ee728b)
Start importing Assets/GraphicResources/Icons/firering.png using Guid(80425905d2785ee409556861eda6f478) Importer(815301076,1909f56bfc062723c751e8b465ee728b)  -> (artifact id: '5319c2f19c1ae898102846a47704366e') in 0.020274 seconds
Number of updated asset objects reloaded before import = 0
Number of asset objects unloaded after import = 3
========================================================================
Received Import Request.
  Time since last request: 0.000097 seconds.
  path: Assets/GraphicResources/Icons/ElderTrunk.png
  artifactKey: Guid(22e275ae99a83424dbd7345f33d4b8e6) Importer(815301076,1909f56bfc062723c751e8b465ee728b)
Start importing Assets/GraphicResources/Icons/ElderTrunk.png using Guid(22e275ae99a83424dbd7345f33d4b8e6) Importer(815301076,1909f56bfc062723c751e8b465ee728b)  -> (artifact id: 'fbb8bc5669a9f1d61dbb7d1eff76202c') in 0.012456 seconds
Number of updated asset objects reloaded before import = 0
Number of asset objects unloaded after import = 3
========================================================================
Received Import Request.
  Time since last request: 0.000013 seconds.
  path: Assets/GraphicResources/Icons/icespike.png
  artifactKey: Guid(b4f94ba9a3764224cb4979e6505649eb) Importer(815301076,1909f56bfc062723c751e8b465ee728b)
Start importing Assets/GraphicResources/Icons/icespike.png using Guid(b4f94ba9a3764224cb4979e6505649eb) Importer(815301076,1909f56bfc062723c751e8b465ee728b)  -> (artifact id: '1bcae7f7feaddb324a951a3be61808b0') in 0.017128 seconds
Number of updated asset objects reloaded before import = 0
Number of asset objects unloaded after import = 3
========================================================================
Received Import Request.
  Time since last request: 0.000053 seconds.
  path: Assets/GraphicResources/Icons/icebolt.png
  artifactKey: Guid(4339d87f56938bb4c8cb4fd59ad3284e) Importer(815301076,1909f56bfc062723c751e8b465ee728b)
Start importing Assets/GraphicResources/Icons/icebolt.png using Guid(4339d87f56938bb4c8cb4fd59ad3284e) Importer(815301076,1909f56bfc062723c751e8b465ee728b)  -> (artifact id: '0d50f172419d619dd89678118ce7164a') in 0.019453 seconds
Number of updated asset objects reloaded before import = 0
Number of asset objects unloaded after import = 3
========================================================================
Received Import Request.
  Time since last request: 0.000018 seconds.
  path: Assets/GraphicResources/Icons/blank.png
  artifactKey: Guid(442ae440c81180847919be9ae09ecfc7) Importer(815301076,1909f56bfc062723c751e8b465ee728b)
Start importing Assets/GraphicResources/Icons/blank.png using Guid(442ae440c81180847919be9ae09ecfc7) Importer(815301076,1909f56bfc062723c751e8b465ee728b)  -> (artifact id: '0db75373ec8985fe513887664d35a74c') in 0.011296 seconds
Number of updated asset objects reloaded before import = 0
Number of asset objects unloaded after import = 3
========================================================================
Received Import Request.
  Time since last request: 0.000029 seconds.
  path: Assets/GraphicResources/Icons/explodingarrow.png
  artifactKey: Guid(10a009e181c58bb40aad89fac57498d3) Importer(815301076,1909f56bfc062723c751e8b465ee728b)
Start importing Assets/GraphicResources/Icons/explodingarrow.png using Guid(10a009e181c58bb40aad89fac57498d3) Importer(815301076,1909f56bfc062723c751e8b465ee728b)  -> (artifact id: '952fbe01966e7d57e35aac9a726f257e') in 0.017275 seconds
Number of updated asset objects reloaded before import = 0
Number of asset objects unloaded after import = 3
========================================================================
Received Import Request.
  Time since last request: 0.000013 seconds.
  path: Assets/GraphicResources/Icons/brave.png
  artifactKey: Guid(ed2531cca51fb43449046577259e86f6) Importer(815301076,1909f56bfc062723c751e8b465ee728b)
Start importing Assets/GraphicResources/Icons/brave.png using Guid(ed2531cca51fb43449046577259e86f6) Importer(815301076,1909f56bfc062723c751e8b465ee728b)  -> (artifact id: '00a60efc06aedeb25bdba477134229f9') in 0.009711 seconds
Number of updated asset objects reloaded before import = 0
Number of asset objects unloaded after import = 3
========================================================================
Received Import Request.
  Time since last request: 0.000015 seconds.
  path: Assets/GraphicResources/Icons/BuffMDEF.png
  artifactKey: Guid(d8d02971c3656f040afc662268ba471a) Importer(815301076,1909f56bfc062723c751e8b465ee728b)
Start importing Assets/GraphicResources/Icons/BuffMDEF.png using Guid(d8d02971c3656f040afc662268ba471a) Importer(815301076,1909f56bfc062723c751e8b465ee728b)  -> (artifact id: '48702aed1d903f4a3c8079a1722a80c7') in 0.014109 seconds
Number of updated asset objects reloaded before import = 0
Number of asset objects unloaded after import = 3
========================================================================
Received Import Request.
  Time since last request: 0.000115 seconds.
  path: Assets/GraphicResources/Icons/arrow.png
  artifactKey: Guid(6522969866529864eafb41785e5fc24f) Importer(815301076,1909f56bfc062723c751e8b465ee728b)
Start importing Assets/GraphicResources/Icons/arrow.png using Guid(6522969866529864eafb41785e5fc24f) Importer(815301076,1909f56bfc062723c751e8b465ee728b)  -> (artifact id: '3d12d9ca96ec3310e9c8109331c0cd54') in 0.017191 seconds
Number of updated asset objects reloaded before import = 0
Number of asset objects unloaded after import = 3
========================================================================
Received Import Request.
  Time since last request: 0.000059 seconds.
  path: Assets/GraphicResources/Icons/firebolt.png
  artifactKey: Guid(48eb15d2560884040b3b08239b820ced) Importer(815301076,1909f56bfc062723c751e8b465ee728b)
Start importing Assets/GraphicResources/Icons/firebolt.png using Guid(48eb15d2560884040b3b08239b820ced) Importer(815301076,1909f56bfc062723c751e8b465ee728b)  -> (artifact id: 'eb347268bb6bee33e5347ce178b11154') in 0.015442 seconds
Number of updated asset objects reloaded before import = 0
Number of asset objects unloaded after import = 3
========================================================================
Received Import Request.
  Time since last request: 0.000141 seconds.
  path: Assets/GraphicResources/Icons/mbarrier.png
  artifactKey: Guid(db3e360396d680342bac66efe3d35c53) Importer(815301076,1909f56bfc062723c751e8b465ee728b)
Start importing Assets/GraphicResources/Icons/mbarrier.png using Guid(db3e360396d680342bac66efe3d35c53) Importer(815301076,1909f56bfc062723c751e8b465ee728b)  -> (artifact id: '011846b6b77b49399006b917234dbe2d') in 0.012755 seconds
Number of updated asset objects reloaded before import = 0
Number of asset objects unloaded after import = 3
========================================================================
Received Import Request.
  Time since last request: 0.000014 seconds.
  path: Assets/GraphicResources/Icons/lightning.png
  artifactKey: Guid(f9ae2a2e27fa0ed4f9ebafac3fb649ab) Importer(815301076,1909f56bfc062723c751e8b465ee728b)
Start importing Assets/GraphicResources/Icons/lightning.png using Guid(f9ae2a2e27fa0ed4f9ebafac3fb649ab) Importer(815301076,1909f56bfc062723c751e8b465ee728b)  -> (artifact id: 'a75ac129db5f31861209c012d6d12c5c') in 0.010225 seconds
Number of updated asset objects reloaded before import = 0
Number of asset objects unloaded after import = 3
========================================================================
Received Import Request.
  Time since last request: 0.000022 seconds.
  path: Assets/GraphicResources/Icons/bladewave.png
  artifactKey: Guid(8326ea82681edb343a3c3e582d9e316b) Importer(815301076,1909f56bfc062723c751e8b465ee728b)
Start importing Assets/GraphicResources/Icons/bladewave.png using Guid(8326ea82681edb343a3c3e582d9e316b) Importer(815301076,1909f56bfc062723c751e8b465ee728b)  -> (artifact id: 'ec577f087cc9ae8094c6b5b62b4a9550') in 0.012647 seconds
Number of updated asset objects reloaded before import = 0
Number of asset objects unloaded after import = 3
========================================================================
Received Import Request.
  Time since last request: 0.000018 seconds.
  path: Assets/GraphicResources/Icons/Potion4.png
  artifactKey: Guid(8cddb794992241745807470e3be14af1) Importer(815301076,1909f56bfc062723c751e8b465ee728b)
Start importing Assets/GraphicResources/Icons/Potion4.png using Guid(8cddb794992241745807470e3be14af1) Importer(815301076,1909f56bfc062723c751e8b465ee728b)  -> (artifact id: '89b1578303ee7cc804ec0d664ed1bc2f') in 0.010796 seconds
Number of updated asset objects reloaded before import = 0
Number of asset objects unloaded after import = 3
========================================================================
Received Import Request.
  Time since last request: 0.000015 seconds.
  path: Assets/GraphicResources/Icons/poisonbolt.png
  artifactKey: Guid(0e7ac7111fc0aab41be072f20baf0451) Importer(815301076,1909f56bfc062723c751e8b465ee728b)
Start importing Assets/GraphicResources/Icons/poisonbolt.png using Guid(0e7ac7111fc0aab41be072f20baf0451) Importer(815301076,1909f56bfc062723c751e8b465ee728b)  -> (artifact id: '106668b2490977cb55e19af861c467c7') in 0.010234 seconds
Number of updated asset objects reloaded before import = 0
Number of asset objects unloaded after import = 3
========================================================================
Received Import Request.
  Time since last request: 0.000095 seconds.
  path: Assets/GraphicResources/Icons/crowIcon.png
  artifactKey: Guid(a0fbcae7a57dea247bb9cfcecb745160) Importer(815301076,1909f56bfc062723c751e8b465ee728b)
Start importing Assets/GraphicResources/Icons/crowIcon.png using Guid(a0fbcae7a57dea247bb9cfcecb745160) Importer(815301076,1909f56bfc062723c751e8b465ee728b)  -> (artifact id: 'e89621adce9a52e998574a0c12652057') in 0.013579 seconds
Number of updated asset objects reloaded before import = 0
Number of asset objects unloaded after import = 3
========================================================================
Received Import Request.
  Time since last request: 0.000012 seconds.
  path: Assets/GraphicResources/Icons/BuffATK.png
  artifactKey: Guid(77c02a1608cb8e34fbe7009235997718) Importer(815301076,1909f56bfc062723c751e8b465ee728b)
Start importing Assets/GraphicResources/Icons/BuffATK.png using Guid(77c02a1608cb8e34fbe7009235997718) Importer(815301076,1909f56bfc062723c751e8b465ee728b)  -> (artifact id: '52be183c2bdb641a0f5a13ecf9d193c4') in 0.013236 seconds
Number of updated asset objects reloaded before import = 0
Number of asset objects unloaded after import = 3
========================================================================
Received Import Request.
  Time since last request: 0.000025 seconds.
  path: Assets/GraphicResources/Icons/bow2.png
  artifactKey: Guid(c11407efe1df7204fa0266412f1f2010) Importer(815301076,1909f56bfc062723c751e8b465ee728b)
Start importing Assets/GraphicResources/Icons/bow2.png using Guid(c11407efe1df7204fa0266412f1f2010) Importer(815301076,1909f56bfc062723c751e8b465ee728b)  -> (artifact id: 'aa809d05367f4f21dac54bcbd9e487b8') in 0.010975 seconds
Number of updated asset objects reloaded before import = 0
Number of asset objects unloaded after import = 3
========================================================================
Received Import Request.
  Time since last request: 0.000068 seconds.
  path: Assets/GraphicResources/Icons/heal.png
  artifactKey: Guid(f7e889b0a0892a944897e004b4a9c25f) Importer(815301076,1909f56bfc062723c751e8b465ee728b)
Start importing Assets/GraphicResources/Icons/heal.png using Guid(f7e889b0a0892a944897e004b4a9c25f) Importer(815301076,1909f56bfc062723c751e8b465ee728b)  -> (artifact id: '6b87a80b05556a952bd196649b345007') in 0.008586 seconds
Number of updated asset objects reloaded before import = 0
Number of asset objects unloaded after import = 3
========================================================================
Received Import Request.
  Time since last request: 0.000066 seconds.
  path: Assets/GraphicResources/Icons/helm.png
  artifactKey: Guid(a48c19f3403246340917f7f61359682c) Importer(815301076,1909f56bfc062723c751e8b465ee728b)
Start importing Assets/GraphicResources/Icons/helm.png using Guid(a48c19f3403246340917f7f61359682c) Importer(815301076,1909f56bfc062723c751e8b465ee728b)  -> (artifact id: '0b1ab2c4a71379b4353cda9da76ec58c') in 0.015031 seconds
Number of updated asset objects reloaded before import = 0
Number of asset objects unloaded after import = 3
========================================================================
Received Import Request.
  Time since last request: 0.000035 seconds.
  path: Assets/GraphicResources/Icons/locked.png
  artifactKey: Guid(16f32ddb7c7af20448e5e85600809759) Importer(815301076,1909f56bfc062723c751e8b465ee728b)
Start importing Assets/GraphicResources/Icons/locked.png using Guid(16f32ddb7c7af20448e5e85600809759) Importer(815301076,1909f56bfc062723c751e8b465ee728b)  -> (artifact id: '20b09aec273dc06855ec0be78b37c48e') in 0.014239 seconds
Number of updated asset objects reloaded before import = 0
Number of asset objects unloaded after import = 3
========================================================================
Received Import Request.
  Time since last request: 0.000042 seconds.
  path: Assets/GraphicResources/Icons/Gel2.png
  artifactKey: Guid(a21949fad19f97f4286d25f6174e108f) Importer(815301076,1909f56bfc062723c751e8b465ee728b)
Start importing Assets/GraphicResources/Icons/Gel2.png using Guid(a21949fad19f97f4286d25f6174e108f) Importer(815301076,1909f56bfc062723c751e8b465ee728b)  -> (artifact id: 'ea5770b696b2d6f5b3a31f58910de949') in 0.013882 seconds
Number of updated asset objects reloaded before import = 0
Number of asset objects unloaded after import = 3
========================================================================
Received Import Request.
  Time since last request: 2.792899 seconds.
  path: Assets/GraphicResources/Icons/Potion6.png
  artifactKey: Guid(c29b49f84422897459c67af763c09da9) Importer(815301076,1909f56bfc062723c751e8b465ee728b)
Start importing Assets/GraphicResources/Icons/Potion6.png using Guid(c29b49f84422897459c67af763c09da9) Importer(815301076,1909f56bfc062723c751e8b465ee728b)  -> (artifact id: '1922c2d00bded350df75fa76ada79b9a') in 0.010488 seconds
Number of updated asset objects reloaded before import = 0
Number of asset objects unloaded after import = 3
========================================================================
Received Import Request.
  Time since last request: 0.000075 seconds.
  path: Assets/GraphicResources/Icons/SpiderWeb.png
  artifactKey: Guid(740234aa81e1fd843982d7597582a1a2) Importer(815301076,1909f56bfc062723c751e8b465ee728b)
Start importing Assets/GraphicResources/Icons/SpiderWeb.png using Guid(740234aa81e1fd843982d7597582a1a2) Importer(815301076,1909f56bfc062723c751e8b465ee728b)  -> (artifact id: 'b6034da3cb14f358285d7d2be6d09f61') in 0.015127 seconds
Number of updated asset objects reloaded before import = 0
Number of asset objects unloaded after import = 3
========================================================================
Received Import Request.
  Time since last request: 0.000169 seconds.
  path: Assets/GraphicResources/Icons/Sword1.png
  artifactKey: Guid(067552e2d6b3be7459101c779af7a7e7) Importer(815301076,1909f56bfc062723c751e8b465ee728b)
Start importing Assets/GraphicResources/Icons/Sword1.png using Guid(067552e2d6b3be7459101c779af7a7e7) Importer(815301076,1909f56bfc062723c751e8b465ee728b)  -> (artifact id: 'b951bf51700dd6240957240af5dd721a') in 0.012991 seconds
Number of updated asset objects reloaded before import = 0
Number of asset objects unloaded after import = 3
========================================================================
Received Import Request.
  Time since last request: 0.000013 seconds.
  path: Assets/GraphicResources/Icons/tripplefirebolt.png
  artifactKey: Guid(f7ef44583dfe3a0448f6e4b9d87491c5) Importer(815301076,1909f56bfc062723c751e8b465ee728b)
Start importing Assets/GraphicResources/Icons/tripplefirebolt.png using Guid(f7ef44583dfe3a0448f6e4b9d87491c5) Importer(815301076,1909f56bfc062723c751e8b465ee728b)  -> (artifact id: 'e0ccef8237c7e90bde4702dcedcef7bd') in 0.009645 seconds
Number of updated asset objects reloaded before import = 0
Number of asset objects unloaded after import = 3
========================================================================
Received Import Request.
  Time since last request: 0.000013 seconds.
  path: Assets/GraphicResources/Icons/Potion8.png
  artifactKey: Guid(d6298d7786ea0074987feeaad95df348) Importer(815301076,1909f56bfc062723c751e8b465ee728b)
Start importing Assets/GraphicResources/Icons/Potion8.png using Guid(d6298d7786ea0074987feeaad95df348) Importer(815301076,1909f56bfc062723c751e8b465ee728b)  -> (artifact id: '2809c617dc22d3c7030e55cbb8a40c99') in 0.009128 seconds
Number of updated asset objects reloaded before import = 0
Number of asset objects unloaded after import = 3
========================================================================
Received Import Request.
  Time since last request: 0.000096 seconds.
  path: Assets/GraphicResources/Icons/ring.png
  artifactKey: Guid(6c672694a580c3543a22da542bf947a5) Importer(815301076,1909f56bfc062723c751e8b465ee728b)
Start importing Assets/GraphicResources/Icons/ring.png using Guid(6c672694a580c3543a22da542bf947a5) Importer(815301076,1909f56bfc062723c751e8b465ee728b)  -> (artifact id: 'ebb2f0deb6930b3e7a99465c8c49184c') in 0.013239 seconds
Number of updated asset objects reloaded before import = 0
Number of asset objects unloaded after import = 3
========================================================================
Received Import Request.
  Time since last request: 0.000013 seconds.
  path: Assets/GraphicResources/Icons/stonebarrier.png
  artifactKey: Guid(9704b738ff6a4034eb796f70215747ed) Importer(815301076,1909f56bfc062723c751e8b465ee728b)
Start importing Assets/GraphicResources/Icons/stonebarrier.png using Guid(9704b738ff6a4034eb796f70215747ed) Importer(815301076,1909f56bfc062723c751e8b465ee728b)  -> (artifact id: '914685ccc14a0617afa2711ac46673ef') in 0.010959 seconds
Number of updated asset objects reloaded before import = 0
Number of asset objects unloaded after import = 3
========================================================================
Received Import Request.
  Time since last request: 0.000012 seconds.
  path: Assets/GraphicResources/Icons/tripleattack.png
  artifactKey: Guid(b7c0e320dc6428747b769009438eb1f6) Importer(815301076,1909f56bfc062723c751e8b465ee728b)
Start importing Assets/GraphicResources/Icons/tripleattack.png using Guid(b7c0e320dc6428747b769009438eb1f6) Importer(815301076,1909f56bfc062723c751e8b465ee728b)  -> (artifact id: 'e89a0a3443b7bbbbab3edf6c82ab7ddf') in 0.010177 seconds
Number of updated asset objects reloaded before import = 0
Number of asset objects unloaded after import = 3
========================================================================
Received Import Request.
  Time since last request: 0.000101 seconds.
  path: Assets/GraphicResources/Icons/Sword4.png
  artifactKey: Guid(230ec04caefb95f42a03791bc55992b2) Importer(815301076,1909f56bfc062723c751e8b465ee728b)
Start importing Assets/GraphicResources/Icons/Sword4.png using Guid(230ec04caefb95f42a03791bc55992b2) Importer(815301076,1909f56bfc062723c751e8b465ee728b)  -> (artifact id: 'ba5cf2ebce6e7979c1904c42e2480fe2') in 0.012679 seconds
Number of updated asset objects reloaded before import = 0
Number of asset objects unloaded after import = 3
========================================================================
Received Import Request.
  Time since last request: 2.194498 seconds.
  path: Assets/GraphicResources/Icons/turret.png
  artifactKey: Guid(2d0a6a72f9ba2284e92763a5e7f0bc0e) Importer(815301076,1909f56bfc062723c751e8b465ee728b)
Start importing Assets/GraphicResources/Icons/turret.png using Guid(2d0a6a72f9ba2284e92763a5e7f0bc0e) Importer(815301076,1909f56bfc062723c751e8b465ee728b)  -> (artifact id: 'e9952ab2107d34e7be0e7967dc51d461') in 0.014590 seconds
Number of updated asset objects reloaded before import = 0
Number of asset objects unloaded after import = 3
========================================================================
Received Import Request.
  Time since last request: 0.000108 seconds.
  path: Assets/GraphicResources/Icons/wolfIcon.png
  artifactKey: Guid(234dd5f6472147f45866b953951be203) Importer(815301076,1909f56bfc062723c751e8b465ee728b)
Start importing Assets/GraphicResources/Icons/wolfIcon.png using Guid(234dd5f6472147f45866b953951be203) Importer(815301076,1909f56bfc062723c751e8b465ee728b)  -> (artifact id: '5ee002dfe3a9fda6a8e5aa4654f4e4b5') in 0.013835 seconds
Number of updated asset objects reloaded before import = 0
Number of asset objects unloaded after import = 3
